#
# A fatal error has been detected by the Java Runtime Environment:
#
#  Internal Error (javaClasses.cpp:129), pid=2223, tid=3060259648
#  fatal error: Invalid layout of preloaded class
#
# JRE version: 6.0_30-b30
# Java VM: OpenJDK Server VM (23.25-b01 mixed mode linux-x86 )
# Failed to write core dump. Core dumps have been disabled. To enable core dumping, try "ulimit -c unlimited" before starting Java again
#
# If you would like to submit a bug report, please include
# instructions how to reproduce the bug and visit:
#   https://bugs.launchpad.net/ubuntu/+source/openjdk-6/
#

---------------  T H R E A D  ---------------

Current thread (0xb6506800):  JavaThread "Unknown thread" [_thread_in_vm, id=2228, stack(0xb662d000,0xb667e000)]

Stack: [0xb662d000,0xb667e000]
[error occurred during error reporting (printing stack bounds), id 0xb]


[error occurred during error reporting (printing native stack), id 0xb]


---------------  P R O C E S S  ---------------

Java Threads: ( => current thread )

Other Threads:

=>0xb6506800 (exited) JavaThread "Unknown thread" [_thread_in_vm, id=2228, stack(0xb662d000,0xb667e000)]

VM state:not at safepoint (not fully initialized)

VM Mutex/Monitor currently owned by a thread: None

GC Heap History (0 events):
No events

Deoptimization events (0 events):
No events

Internal exceptions (0 events):
No events

Events (10 events):
Event: 0.008 loading class 0xb6534648 done
Event: 0.008 loading class 0xb6533f88 done
Event: 0.008 loading class 0xb6533f60
Event: 0.008 loading class 0xb65710a8
Event: 0.008 loading class 0xb65710a8 done
Event: 0.008 loading class 0xb65710e0
Event: 0.008 loading class 0xb65710e0 done
Event: 0.008 loading class 0xb6571118
Event: 0.008 loading class 0xb6571118 done
Event: 0.008 loading class 0xb6533f60 done


Dynamic libraries:
08048000-08051000 r-xp 00000000 08:08 4988017    /usr/lib/jvm/java-6-openjdk-i386/jre/bin/java
08051000-08052000 r--p 00008000 08:08 4988017    /usr/lib/jvm/java-6-openjdk-i386/jre/bin/java
08052000-08053000 rw-p 00009000 08:08 4988017    /usr/lib/jvm/java-6-openjdk-i386/jre/bin/java
089ad000-089ce000 rw-p 00000000 00:00 0          [heap]
88ee9000-88fc0000 r--s 013fe000 08:08 6822266    /home/v/adt-bundle-linux-x86-20140321/sdk/platforms/android-19/android.jar
88fc0000-8aa00000 rw-p 00000000 00:00 0 
8aa00000-8aa21000 rw-p 00000000 00:00 0 
8aa21000-8ab00000 ---p 00000000 00:00 0 
8ab7f000-8ab80000 ---p 00000000 00:00 0 
8ab80000-8ac00000 rw-p 00000000 00:00 0          [stack:2232]
8ac00000-8ac21000 rw-p 00000000 00:00 0 
8ac21000-8ad00000 ---p 00000000 00:00 0 
8ad7f000-8ad80000 ---p 00000000 00:00 0 
8ad80000-8ae00000 rw-p 00000000 00:00 0          [stack:2231]
8ae00000-8ae21000 rw-p 00000000 00:00 0 
8ae21000-8af00000 ---p 00000000 00:00 0 
8af7f000-8af80000 ---p 00000000 00:00 0 
8af80000-8b000000 rw-p 00000000 00:00 0          [stack:2230]
8b000000-8b021000 rw-p 00000000 00:00 0 
8b021000-8b100000 ---p 00000000 00:00 0 
8b133000-8b134000 ---p 00000000 00:00 0 
8b134000-8b1bc000 rw-p 00000000 00:00 0          [stack:2229]
8b1bc000-8b1f4000 rw-p 00000000 00:00 0 
8b1f4000-8b1fe000 rw-p 00000000 00:00 0 
8b1fe000-8b29f000 rw-p 00000000 00:00 0 
8b29f000-8b2a7000 rw-p 00000000 00:00 0 
8b2a7000-8b2df000 rw-p 00000000 00:00 0 
8b2df000-8b2e9000 rw-p 00000000 00:00 0 
8b2e9000-8b389000 rw-p 00000000 00:00 0 
8b389000-8b38f000 rw-p 00000000 00:00 0 
8b38f000-8b3df000 rw-p 00000000 00:00 0 
8b3df000-8c3e0000 rw-p 00000000 00:00 0 
8c3e0000-933e0000 rw-p 00000000 00:00 0 
933e0000-94780000 rw-p 00000000 00:00 0 
94780000-a8940000 rw-p 00000000 00:00 0 
a8940000-a9300000 rw-p 00000000 00:00 0 
a9300000-b33e0000 rw-p 00000000 00:00 0 
b33e2000-b33eb000 rw-p 00000000 00:00 0 
b33eb000-b34a2000 rw-p 00000000 00:00 0 
b34a2000-b36e2000 rwxp 00000000 00:00 0 
b36e2000-b64a2000 rw-p 00000000 00:00 0 
b64a2000-b64ad000 r-xp 00000000 08:08 786557     /lib/i386-linux-gnu/libnss_files-2.15.so
b64ad000-b64ae000 r--p 0000a000 08:08 786557     /lib/i386-linux-gnu/libnss_files-2.15.so
b64ae000-b64af000 rw-p 0000b000 08:08 786557     /lib/i386-linux-gnu/libnss_files-2.15.so
b64af000-b64b9000 r-xp 00000000 08:08 786561     /lib/i386-linux-gnu/libnss_nis-2.15.so
b64b9000-b64ba000 r--p 00009000 08:08 786561     /lib/i386-linux-gnu/libnss_nis-2.15.so
b64ba000-b64bb000 rw-p 0000a000 08:08 786561     /lib/i386-linux-gnu/libnss_nis-2.15.so
b64bb000-b64d1000 r-xp 00000000 08:08 790574     /lib/i386-linux-gnu/libnsl-2.15.so
b64d1000-b64d2000 r--p 00015000 08:08 790574     /lib/i386-linux-gnu/libnsl-2.15.so
b64d2000-b64d3000 rw-p 00016000 08:08 790574     /lib/i386-linux-gnu/libnsl-2.15.so
b64d3000-b64d5000 rw-p 00000000 00:00 0 
b64d5000-b64fd000 r-xp 00000000 08:08 4987993    /usr/lib/jvm/java-6-openjdk-i386/jre/lib/i386/libjava.so
b64fd000-b64fe000 r--p 00027000 08:08 4987993    /usr/lib/jvm/java-6-openjdk-i386/jre/lib/i386/libjava.so
b64fe000-b6500000 rw-p 00028000 08:08 4987993    /usr/lib/jvm/java-6-openjdk-i386/jre/lib/i386/libjava.so
b6500000-b6573000 rw-p 00000000 00:00 0 
b6573000-b6600000 ---p 00000000 00:00 0 
b6607000-b660e000 r-xp 00000000 08:08 786555     /lib/i386-linux-gnu/libnss_compat-2.15.so
b660e000-b660f000 r--p 00006000 08:08 786555     /lib/i386-linux-gnu/libnss_compat-2.15.so
b660f000-b6610000 rw-p 00007000 08:08 786555     /lib/i386-linux-gnu/libnss_compat-2.15.so
b6612000-b661a000 r-xp 00000000 08:08 4988011    /usr/lib/jvm/java-6-openjdk-i386/jre/lib/i386/libzip.so
b661a000-b661b000 r--p 00007000 08:08 4988011    /usr/lib/jvm/java-6-openjdk-i386/jre/lib/i386/libzip.so
b661b000-b661c000 rw-p 00008000 08:08 4988011    /usr/lib/jvm/java-6-openjdk-i386/jre/lib/i386/libzip.so
b661c000-b6624000 rw-s 00000000 08:08 1441832    /tmp/hsperfdata_v/2223
b6624000-b662b000 r-xp 00000000 08:08 786560     /lib/i386-linux-gnu/librt-2.15.so
b662b000-b662c000 r--p 00006000 08:08 786560     /lib/i386-linux-gnu/librt-2.15.so
b662c000-b662d000 rw-p 00007000 08:08 786560     /lib/i386-linux-gnu/librt-2.15.so
b662d000-b6630000 ---p 00000000 00:00 0 
b6630000-b667e000 rw-p 00000000 00:00 0          [stack:2228]
b667e000-b669a000 r-xp 00000000 08:08 787285     /lib/i386-linux-gnu/libgcc_s.so.1
b669a000-b669b000 r--p 0001b000 08:08 787285     /lib/i386-linux-gnu/libgcc_s.so.1
b669b000-b669c000 rw-p 0001c000 08:08 787285     /lib/i386-linux-gnu/libgcc_s.so.1
b669c000-b66c6000 r-xp 00000000 08:08 786564     /lib/i386-linux-gnu/libm-2.15.so
b66c6000-b66c7000 r--p 00029000 08:08 786564     /lib/i386-linux-gnu/libm-2.15.so
b66c7000-b66c8000 rw-p 0002a000 08:08 786564     /lib/i386-linux-gnu/libm-2.15.so
b66c8000-b67a0000 r-xp 00000000 08:08 4068322    /usr/lib/i386-linux-gnu/libstdc++.so.6.0.16
b67a0000-b67a1000 ---p 000d8000 08:08 4068322    /usr/lib/i386-linux-gnu/libstdc++.so.6.0.16
b67a1000-b67a5000 r--p 000d8000 08:08 4068322    /usr/lib/i386-linux-gnu/libstdc++.so.6.0.16
b67a5000-b67a6000 rw-p 000dc000 08:08 4068322    /usr/lib/i386-linux-gnu/libstdc++.so.6.0.16
b67a6000-b67ad000 rw-p 00000000 00:00 0 
b67ad000-b7095000 r-xp 00000000 08:08 4988001    /usr/lib/jvm/java-6-openjdk-i386/jre/lib/i386/server/libjvm.so
b7095000-b70dc000 r--p 008e7000 08:08 4988001    /usr/lib/jvm/java-6-openjdk-i386/jre/lib/i386/server/libjvm.so
b70dc000-b70f0000 rw-p 0092e000 08:08 4988001    /usr/lib/jvm/java-6-openjdk-i386/jre/lib/i386/server/libjvm.so
b70f0000-b750e000 rw-p 00000000 00:00 0 
b750e000-b7522000 r-xp 00000000 08:08 787375     /lib/i386-linux-gnu/libz.so.1.2.3.4
b7522000-b7523000 r--p 00013000 08:08 787375     /lib/i386-linux-gnu/libz.so.1.2.3.4
b7523000-b7524000 rw-p 00014000 08:08 787375     /lib/i386-linux-gnu/libz.so.1.2.3.4
b7524000-b76c7000 r-xp 00000000 08:08 786553     /lib/i386-linux-gnu/libc-2.15.so
b76c7000-b76c9000 r--p 001a3000 08:08 786553     /lib/i386-linux-gnu/libc-2.15.so
b76c9000-b76ca000 rw-p 001a5000 08:08 786553     /lib/i386-linux-gnu/libc-2.15.so
b76ca000-b76cd000 rw-p 00000000 00:00 0 
b76cd000-b76d0000 r-xp 00000000 08:08 786568     /lib/i386-linux-gnu/libdl-2.15.so
b76d0000-b76d1000 r--p 00002000 08:08 786568     /lib/i386-linux-gnu/libdl-2.15.so
b76d1000-b76d2000 rw-p 00003000 08:08 786568     /lib/i386-linux-gnu/libdl-2.15.so
b76d2000-b76d6000 r-xp 00000000 08:08 4987975    /usr/lib/jvm/java-6-openjdk-i386/jre/lib/i386/jli/libjli.so
b76d6000-b76d7000 r--p 00003000 08:08 4987975    /usr/lib/jvm/java-6-openjdk-i386/jre/lib/i386/jli/libjli.so
b76d7000-b76d8000 rw-p 00004000 08:08 4987975    /usr/lib/jvm/java-6-openjdk-i386/jre/lib/i386/jli/libjli.so
b76d8000-b76d9000 rw-p 00000000 00:00 0 
b76d9000-b76f0000 r-xp 00000000 08:08 786562     /lib/i386-linux-gnu/libpthread-2.15.so
b76f0000-b76f1000 r--p 00016000 08:08 786562     /lib/i386-linux-gnu/libpthread-2.15.so
b76f1000-b76f2000 rw-p 00017000 08:08 786562     /lib/i386-linux-gnu/libpthread-2.15.so
b76f2000-b76f4000 rw-p 00000000 00:00 0 
b76f8000-b76f9000 rw-p 00000000 00:00 0 
b76f9000-b76fa000 r--p 00000000 00:00 0 
b76fa000-b7706000 r-xp 00000000 08:08 4987992    /usr/lib/jvm/java-6-openjdk-i386/jre/lib/i386/libverify.so
b7706000-b7707000 r--p 0000b000 08:08 4987992    /usr/lib/jvm/java-6-openjdk-i386/jre/lib/i386/libverify.so
b7707000-b7708000 rw-p 0000c000 08:08 4987992    /usr/lib/jvm/java-6-openjdk-i386/jre/lib/i386/libverify.so
b7708000-b770a000 rw-p 00000000 00:00 0 
b770a000-b770b000 r-xp 00000000 00:00 0          [vdso]
b770b000-b772b000 r-xp 00000000 08:08 786565     /lib/i386-linux-gnu/ld-2.15.so
b772b000-b772c000 r--p 0001f000 08:08 786565     /lib/i386-linux-gnu/ld-2.15.so
b772c000-b772d000 rw-p 00020000 08:08 786565     /lib/i386-linux-gnu/ld-2.15.so
bfc34000-bfc55000 rw-p 00000000 00:00 0          [stack]

VM Arguments:
jvm_args: -Dfile.encoding=UTF-8 -Xbootclasspath:/home/v/adt-bundle-linux-x86-20140321/sdk/platforms/android-19/android.jar 
java_command: com.ex.bb.SocketAsync
Launcher Type: SUN_STANDARD

Environment Variables:
PATH=/usr/lib/lightdm/lightdm:/usr/local/sbin:/usr/local/bin:/usr/sbin:/usr/bin:/sbin:/bin:/usr/games
LD_LIBRARY_PATH=/usr/lib/jvm/java-6-openjdk-i386/jre/lib/i386/server:/usr/lib/jvm/java-6-openjdk-i386/jre/lib/i386:/usr/lib/jvm/java-6-openjdk-i386/jre/../lib/i386:/usr/lib/jvm/java-6-openjdk-i386/jre/lib/i386/client:/usr/lib/jvm/java-6-openjdk-i386/jre/lib/i386:
SHELL=/bin/bash
DISPLAY=:0.0

Signal Handlers:
SIGSEGV: [libjvm.so+0x7197b0], sa_mask[0]=0x7ffbfeff, sa_flags=0x10000004
SIGBUS: [libjvm.so+0x7197b0], sa_mask[0]=0x7ffbfeff, sa_flags=0x10000004
SIGFPE: [libjvm.so+0x5bf370], sa_mask[0]=0x7ffbfeff, sa_flags=0x10000004
SIGPIPE: [libjvm.so+0x5bf370], sa_mask[0]=0x7ffbfeff, sa_flags=0x10000004
SIGXFSZ: [libjvm.so+0x5bf370], sa_mask[0]=0x7ffbfeff, sa_flags=0x10000004
SIGILL: [libjvm.so+0x5bf370], sa_mask[0]=0x7ffbfeff, sa_flags=0x10000004
SIGUSR1: SIG_DFL, sa_mask[0]=0x00000000, sa_flags=0x00000000
SIGUSR2: [libjvm.so+0x5bf200], sa_mask[0]=0x00000004, sa_flags=0x10000004
SIGHUP: SIG_DFL, sa_mask[0]=0x00000000, sa_flags=0x00000000
SIGINT: SIG_DFL, sa_mask[0]=0x00000000, sa_flags=0x00000000
SIGTERM: SIG_DFL, sa_mask[0]=0x00000000, sa_flags=0x00000000
SIGQUIT: SIG_DFL, sa_mask[0]=0x00000000, sa_flags=0x00000000


---------------  S Y S T E M  ---------------

OS:Ubuntu 12.04 (precise)
uname:Linux 3.5.0-23-generic #35~precise1-Ubuntu SMP Fri Jan 25 17:15:33 UTC 2013 i686
libc:glibc 2.15 NPTL 2.15 
rlimit: STACK 8192k, CORE 0k, NPROC 14909, NOFILE 4096, AS infinity
load average:0.30 0.31 0.15

/proc/meminfo:
MemTotal:        1924236 kB
MemFree:          675700 kB
Buffers:           73584 kB
Cached:           602048 kB
SwapCached:            0 kB
Active:           652672 kB
Inactive:         514492 kB
Active(anon):     493008 kB
Inactive(anon):   151496 kB
Active(file):     159664 kB
Inactive(file):   362996 kB
Unevictable:           0 kB
Mlocked:               0 kB
HighTotal:       1065732 kB
HighFree:          13344 kB
LowTotal:         858504 kB
LowFree:          662356 kB
SwapTotal:       1976316 kB
SwapFree:        1976316 kB
Dirty:                24 kB
Writeback:             0 kB
AnonPages:        491460 kB
Mapped:           121028 kB
Shmem:            152976 kB
Slab:              45776 kB
SReclaimable:      28072 kB
SUnreclaim:        17704 kB
KernelStack:        3112 kB
PageTables:         6852 kB
NFS_Unstable:          0 kB
Bounce:                0 kB
WritebackTmp:          0 kB
CommitLimit:     2938432 kB
Committed_AS:    2488824 kB
VmallocTotal:     122880 kB
VmallocUsed:       18208 kB
VmallocChunk:     103892 kB
HardwareCorrupted:     0 kB
AnonHugePages:         0 kB
HugePages_Total:       0
HugePages_Free:        0
HugePages_Rsvd:        0
HugePages_Surp:        0
Hugepagesize:       2048 kB
DirectMap4k:       10232 kB
DirectMap2M:      903168 kB


CPU:total 4 (2 cores per cpu, 2 threads per core) family 6 model 58 stepping 9, cmov, cx8, fxsr, mmx, sse, sse2, sse3, ssse3, sse4.1, sse4.2, popcnt, avx, ht, tsc, tscinvbit, tscinv

/proc/cpuinfo:
processor	: 0
vendor_id	: GenuineIntel
cpu family	: 6
model		: 58
model name	: Intel(R) Core(TM) i3-3120M CPU @ 2.50GHz
stepping	: 9
microcode	: 0x12
cpu MHz		: 1600.000
cache size	: 3072 KB
physical id	: 0
siblings	: 4
core id		: 0
cpu cores	: 2
apicid		: 0
initial apicid	: 0
fdiv_bug	: no
hlt_bug		: no
f00f_bug	: no
coma_bug	: no
fpu		: yes
fpu_exception	: yes
cpuid level	: 13
wp		: yes
flags		: fpu vme de pse tsc msr pae mce cx8 apic sep mtrr pge mca cmov pat pse36 clflush dts acpi mmx fxsr sse sse2 ss ht tm pbe nx rdtscp lm constant_tsc arch_perfmon pebs bts xtopology nonstop_tsc aperfmperf pni pclmulqdq dtes64 monitor ds_cpl vmx est tm2 ssse3 cx16 xtpr pdcm pcid sse4_1 sse4_2 x2apic popcnt tsc_deadline_timer xsave avx f16c lahf_lm arat epb xsaveopt pln pts dtherm tpr_shadow vnmi flexpriority ept vpid fsgsbase smep erms
bogomips	: 4988.47
clflush size	: 64
cache_alignment	: 64
address sizes	: 36 bits physical, 48 bits virtual
power management:

processor	: 1
vendor_id	: GenuineIntel
cpu family	: 6
model		: 58
model name	: Intel(R) Core(TM) i3-3120M CPU @ 2.50GHz
stepping	: 9
microcode	: 0x12
cpu MHz		: 1200.000
cache size	: 3072 KB
physical id	: 0
siblings	: 4
core id		: 0
cpu cores	: 2
apicid		: 1
initial apicid	: 1
fdiv_bug	: no
hlt_bug		: no
f00f_bug	: no
coma_bug	: no
fpu		: yes
fpu_exception	: yes
cpuid level	: 13
wp		: yes
flags		: fpu vme de pse tsc msr pae mce cx8 apic sep mtrr pge mca cmov pat pse36 clflush dts acpi mmx fxsr sse sse2 ss ht tm pbe nx rdtscp lm constant_tsc arch_perfmon pebs bts xtopology nonstop_tsc aperfmperf pni pclmulqdq dtes64 monitor ds_cpl vmx est tm2 ssse3 cx16 xtpr pdcm pcid sse4_1 sse4_2 x2apic popcnt tsc_deadline_timer xsave avx f16c lahf_lm arat epb xsaveopt pln pts dtherm tpr_shadow vnmi flexpriority ept vpid fsgsbase smep erms
bogomips	: 4988.47
clflush size	: 64
cache_alignment	: 64
address sizes	: 36 bits physical, 48 bits virtual
power management:

processor	: 2
vendor_id	: GenuineIntel
cpu family	: 6
model		: 58
model name	: Intel(R) Core(TM) i3-3120M CPU @ 2.50GHz
stepping	: 9
microcode	: 0x12
cpu MHz		: 2500.000
cache size	: 3072 KB
physical id	: 0
siblings	: 4
core id		: 1
cpu cores	: 2
apicid		: 2
initial apicid	: 2
fdiv_bug	: no
hlt_bug		: no
f00f_bug	: no
coma_bug	: no
fpu		: yes
fpu_exception	: yes
cpuid level	: 13
wp		: yes
flags		: fpu vme de pse tsc msr pae mce cx8 apic sep mtrr pge mca cmov pat pse36 clflush dts acpi mmx fxsr sse sse2 ss ht tm pbe nx rdtscp lm constant_tsc arch_perfmon pebs bts xtopology nonstop_tsc aperfmperf pni pclmulqdq dtes64 monitor ds_cpl vmx est tm2 ssse3 cx16 xtpr pdcm pcid sse4_1 sse4_2 x2apic popcnt tsc_deadline_timer xsave avx f16c lahf_lm arat epb xsaveopt pln pts dtherm tpr_shadow vnmi flexpriority ept vpid fsgsbase smep erms
bogomips	: 4988.47
clflush size	: 64
cache_alignment	: 64
address sizes	: 36 bits physical, 48 bits virtual
power management:

processor	: 3
vendor_id	: GenuineIntel
cpu family	: 6
model		: 58
model name	: Intel(R) Core(TM) i3-3120M CPU @ 2.50GHz
stepping	: 9
microcode	: 0x12
cpu MHz		: 1300.000
cache size	: 3072 KB
physical id	: 0
siblings	: 4
core id		: 1
cpu cores	: 2
apicid		: 3
initial apicid	: 3
fdiv_bug	: no
hlt_bug		: no
f00f_bug	: no
coma_bug	: no
fpu		: yes
fpu_exception	: yes
cpuid level	: 13
wp		: yes
flags		: fpu vme de pse tsc msr pae mce cx8 apic sep mtrr pge mca cmov pat pse36 clflush dts acpi mmx fxsr sse sse2 ss ht tm pbe nx rdtscp lm constant_tsc arch_perfmon pebs bts xtopology nonstop_tsc aperfmperf pni pclmulqdq dtes64 monitor ds_cpl vmx est tm2 ssse3 cx16 xtpr pdcm pcid sse4_1 sse4_2 x2apic popcnt tsc_deadline_timer xsave avx f16c lahf_lm arat epb xsaveopt pln pts dtherm tpr_shadow vnmi flexpriority ept vpid fsgsbase smep erms
bogomips	: 4988.47
clflush size	: 64
cache_alignment	: 64
address sizes	: 36 bits physical, 48 bits virtual
power management:



Memory: 4k page, physical 1924236k(675700k free), swap 1976316k(1976316k free)

vm_info: OpenJDK Server VM (23.25-b01) for linux-x86 JRE (1.6.0_30-b30), built on Mar 26 2014 14:15:02 by "buildd" with gcc 4.6.3

time: Tue May  6 11:46:59 2014
elapsed time: 0 seconds

