#
# A fatal error has been detected by the Java Runtime Environment:
#
#  Internal Error (javaClasses.cpp:129), pid=3198, tid=3060714304
#  fatal error: Invalid layout of preloaded class
#
# JRE version: 6.0_30-b30
# Java VM: OpenJDK Server VM (23.25-b01 mixed mode linux-x86 )
# Failed to write core dump. Core dumps have been disabled. To enable core dumping, try "ulimit -c unlimited" before starting Java again
#
# If you would like to submit a bug report, please include
# instructions how to reproduce the bug and visit:
#   https://bugs.launchpad.net/ubuntu/+source/openjdk-6/
#

---------------  T H R E A D  ---------------

Current thread (0xb6506800):  JavaThread "Unknown thread" [_thread_in_vm, id=3203, stack(0xb669c000,0xb66ed000)]

Stack: [0xb669c000,0xb66ed000]
[error occurred during error reporting (printing stack bounds), id 0xb]


[error occurred during error reporting (printing native stack), id 0xb]


---------------  P R O C E S S  ---------------

Java Threads: ( => current thread )

Other Threads:

=>0xb6506800 (exited) JavaThread "Unknown thread" [_thread_in_vm, id=3203, stack(0xb669c000,0xb66ed000)]

VM state:not at safepoint (not fully initialized)

VM Mutex/Monitor currently owned by a thread: None

GC Heap History (0 events):
No events

Deoptimization events (0 events):
No events

Internal exceptions (0 events):
No events

Events (10 events):
Event: 0.006 loading class 0xb6534648 done
Event: 0.006 loading class 0xb6533f88 done
Event: 0.006 loading class 0xb6533f60
Event: 0.006 loading class 0xb65710a8
Event: 0.006 loading class 0xb65710a8 done
Event: 0.006 loading class 0xb65710e0
Event: 0.006 loading class 0xb65710e0 done
Event: 0.006 loading class 0xb6571118
Event: 0.006 loading class 0xb6571118 done
Event: 0.006 loading class 0xb6533f60 done


Dynamic libraries:
08048000-08051000 r-xp 00000000 08:08 4988017    /usr/lib/jvm/java-6-openjdk-i386/jre/bin/java
08051000-08052000 r--p 00008000 08:08 4988017    /usr/lib/jvm/java-6-openjdk-i386/jre/bin/java
08052000-08053000 rw-p 00009000 08:08 4988017    /usr/lib/jvm/java-6-openjdk-i386/jre/bin/java
087dd000-087fe000 rw-p 00000000 00:00 0          [heap]
88fe9000-890c0000 r--s 013fe000 08:08 6822266    /home/v/adt-bundle-linux-x86-20140321/sdk/platforms/android-19/android.jar
890c0000-8ab00000 rw-p 00000000 00:00 0 
8ab00000-8ab21000 rw-p 00000000 00:00 0 
8ab21000-8ac00000 ---p 00000000 00:00 0 
8ac7f000-8ac80000 ---p 00000000 00:00 0 
8ac80000-8ad00000 rw-p 00000000 00:00 0          [stack:3207]
8ad00000-8ad21000 rw-p 00000000 00:00 0 
8ad21000-8ae00000 ---p 00000000 00:00 0 
8ae00000-8ae21000 rw-p 00000000 00:00 0 
8ae21000-8af00000 ---p 00000000 00:00 0 
8af7f000-8af80000 ---p 00000000 00:00 0 
8af80000-8b000000 rw-p 00000000 00:00 0          [stack:3206]
8b000000-8b021000 rw-p 00000000 00:00 0 
8b021000-8b100000 ---p 00000000 00:00 0 
8b112000-8b113000 ---p 00000000 00:00 0 
8b113000-8b193000 rw-p 00000000 00:00 0          [stack:3205]
8b193000-8b194000 ---p 00000000 00:00 0 
8b194000-8b21c000 rw-p 00000000 00:00 0          [stack:3204]
8b21c000-8b254000 rw-p 00000000 00:00 0 
8b254000-8b25e000 rw-p 00000000 00:00 0 
8b25e000-8b2ff000 rw-p 00000000 00:00 0 
8b2ff000-8b307000 rw-p 00000000 00:00 0 
8b307000-8b33f000 rw-p 00000000 00:00 0 
8b33f000-8b349000 rw-p 00000000 00:00 0 
8b349000-8b3e9000 rw-p 00000000 00:00 0 
8b3e9000-8b3ef000 rw-p 00000000 00:00 0 
8b3ef000-8b43f000 rw-p 00000000 00:00 0 
8b43f000-8c440000 rw-p 00000000 00:00 0 
8c440000-93440000 rw-p 00000000 00:00 0 
93440000-947e0000 rw-p 00000000 00:00 0 
947e0000-a89a0000 rw-p 00000000 00:00 0 
a89a0000-a9360000 rw-p 00000000 00:00 0 
a9360000-b3440000 rw-p 00000000 00:00 0 
b3440000-b3449000 rw-p 00000000 00:00 0 
b3449000-b3500000 rw-p 00000000 00:00 0 
b3500000-b3740000 rwxp 00000000 00:00 0 
b3740000-b6573000 rw-p 00000000 00:00 0 
b6573000-b6600000 ---p 00000000 00:00 0 
b6618000-b6623000 r-xp 00000000 08:08 786557     /lib/i386-linux-gnu/libnss_files-2.15.so
b6623000-b6624000 r--p 0000a000 08:08 786557     /lib/i386-linux-gnu/libnss_files-2.15.so
b6624000-b6625000 rw-p 0000b000 08:08 786557     /lib/i386-linux-gnu/libnss_files-2.15.so
b6625000-b662f000 r-xp 00000000 08:08 786561     /lib/i386-linux-gnu/libnss_nis-2.15.so
b662f000-b6630000 r--p 00009000 08:08 786561     /lib/i386-linux-gnu/libnss_nis-2.15.so
b6630000-b6631000 rw-p 0000a000 08:08 786561     /lib/i386-linux-gnu/libnss_nis-2.15.so
b6631000-b6647000 r-xp 00000000 08:08 790574     /lib/i386-linux-gnu/libnsl-2.15.so
b6647000-b6648000 r--p 00015000 08:08 790574     /lib/i386-linux-gnu/libnsl-2.15.so
b6648000-b6649000 rw-p 00016000 08:08 790574     /lib/i386-linux-gnu/libnsl-2.15.so
b6649000-b664b000 rw-p 00000000 00:00 0 
b664b000-b6652000 r-xp 00000000 08:08 786555     /lib/i386-linux-gnu/libnss_compat-2.15.so
b6652000-b6653000 r--p 00006000 08:08 786555     /lib/i386-linux-gnu/libnss_compat-2.15.so
b6653000-b6654000 rw-p 00007000 08:08 786555     /lib/i386-linux-gnu/libnss_compat-2.15.so
b6656000-b665e000 r-xp 00000000 08:08 4988011    /usr/lib/jvm/java-6-openjdk-i386/jre/lib/i386/libzip.so
b665e000-b665f000 r--p 00007000 08:08 4988011    /usr/lib/jvm/java-6-openjdk-i386/jre/lib/i386/libzip.so
b665f000-b6660000 rw-p 00008000 08:08 4988011    /usr/lib/jvm/java-6-openjdk-i386/jre/lib/i386/libzip.so
b6660000-b6668000 rw-s 00000000 08:08 1441857    /tmp/hsperfdata_v/3198
b6668000-b6690000 r-xp 00000000 08:08 4987993    /usr/lib/jvm/java-6-openjdk-i386/jre/lib/i386/libjava.so
b6690000-b6691000 r--p 00027000 08:08 4987993    /usr/lib/jvm/java-6-openjdk-i386/jre/lib/i386/libjava.so
b6691000-b6693000 rw-p 00028000 08:08 4987993    /usr/lib/jvm/java-6-openjdk-i386/jre/lib/i386/libjava.so
b6693000-b669a000 r-xp 00000000 08:08 786560     /lib/i386-linux-gnu/librt-2.15.so
b669a000-b669b000 r--p 00006000 08:08 786560     /lib/i386-linux-gnu/librt-2.15.so
b669b000-b669c000 rw-p 00007000 08:08 786560     /lib/i386-linux-gnu/librt-2.15.so
b669c000-b669f000 ---p 00000000 00:00 0 
b669f000-b66ed000 rw-p 00000000 00:00 0          [stack:3203]
b66ed000-b6709000 r-xp 00000000 08:08 787285     /lib/i386-linux-gnu/libgcc_s.so.1
b6709000-b670a000 r--p 0001b000 08:08 787285     /lib/i386-linux-gnu/libgcc_s.so.1
b670a000-b670b000 rw-p 0001c000 08:08 787285     /lib/i386-linux-gnu/libgcc_s.so.1
b670b000-b6735000 r-xp 00000000 08:08 786564     /lib/i386-linux-gnu/libm-2.15.so
b6735000-b6736000 r--p 00029000 08:08 786564     /lib/i386-linux-gnu/libm-2.15.so
b6736000-b6737000 rw-p 0002a000 08:08 786564     /lib/i386-linux-gnu/libm-2.15.so
b6737000-b680f000 r-xp 00000000 08:08 4068322    /usr/lib/i386-linux-gnu/libstdc++.so.6.0.16
b680f000-b6810000 ---p 000d8000 08:08 4068322    /usr/lib/i386-linux-gnu/libstdc++.so.6.0.16
b6810000-b6814000 r--p 000d8000 08:08 4068322    /usr/lib/i386-linux-gnu/libstdc++.so.6.0.16
b6814000-b6815000 rw-p 000dc000 08:08 4068322    /usr/lib/i386-linux-gnu/libstdc++.so.6.0.16
b6815000-b681c000 rw-p 00000000 00:00 0 
b681c000-b7104000 r-xp 00000000 08:08 4988001    /usr/lib/jvm/java-6-openjdk-i386/jre/lib/i386/server/libjvm.so
b7104000-b714b000 r--p 008e7000 08:08 4988001    /usr/lib/jvm/java-6-openjdk-i386/jre/lib/i386/server/libjvm.so
b714b000-b715f000 rw-p 0092e000 08:08 4988001    /usr/lib/jvm/java-6-openjdk-i386/jre/lib/i386/server/libjvm.so
b715f000-b757d000 rw-p 00000000 00:00 0 
b757d000-b7591000 r-xp 00000000 08:08 787375     /lib/i386-linux-gnu/libz.so.1.2.3.4
b7591000-b7592000 r--p 00013000 08:08 787375     /lib/i386-linux-gnu/libz.so.1.2.3.4
b7592000-b7593000 rw-p 00014000 08:08 787375     /lib/i386-linux-gnu/libz.so.1.2.3.4
b7593000-b7736000 r-xp 00000000 08:08 786553     /lib/i386-linux-gnu/libc-2.15.so
b7736000-b7738000 r--p 001a3000 08:08 786553     /lib/i386-linux-gnu/libc-2.15.so
b7738000-b7739000 rw-p 001a5000 08:08 786553     /lib/i386-linux-gnu/libc-2.15.so
b7739000-b773c000 rw-p 00000000 00:00 0 
b773c000-b773f000 r-xp 00000000 08:08 786568     /lib/i386-linux-gnu/libdl-2.15.so
b773f000-b7740000 r--p 00002000 08:08 786568     /lib/i386-linux-gnu/libdl-2.15.so
b7740000-b7741000 rw-p 00003000 08:08 786568     /lib/i386-linux-gnu/libdl-2.15.so
b7741000-b7745000 r-xp 00000000 08:08 4987975    /usr/lib/jvm/java-6-openjdk-i386/jre/lib/i386/jli/libjli.so
b7745000-b7746000 r--p 00003000 08:08 4987975    /usr/lib/jvm/java-6-openjdk-i386/jre/lib/i386/jli/libjli.so
b7746000-b7747000 rw-p 00004000 08:08 4987975    /usr/lib/jvm/java-6-openjdk-i386/jre/lib/i386/jli/libjli.so
b7747000-b7748000 rw-p 00000000 00:00 0 
b7748000-b775f000 r-xp 00000000 08:08 786562     /lib/i386-linux-gnu/libpthread-2.15.so
b775f000-b7760000 r--p 00016000 08:08 786562     /lib/i386-linux-gnu/libpthread-2.15.so
b7760000-b7761000 rw-p 00017000 08:08 786562     /lib/i386-linux-gnu/libpthread-2.15.so
b7761000-b7763000 rw-p 00000000 00:00 0 
b7767000-b7768000 rw-p 00000000 00:00 0 
b7768000-b7769000 r--p 00000000 00:00 0 
b7769000-b7775000 r-xp 00000000 08:08 4987992    /usr/lib/jvm/java-6-openjdk-i386/jre/lib/i386/libverify.so
b7775000-b7776000 r--p 0000b000 08:08 4987992    /usr/lib/jvm/java-6-openjdk-i386/jre/lib/i386/libverify.so
b7776000-b7777000 rw-p 0000c000 08:08 4987992    /usr/lib/jvm/java-6-openjdk-i386/jre/lib/i386/libverify.so
b7777000-b7779000 rw-p 00000000 00:00 0 
b7779000-b777a000 r-xp 00000000 00:00 0          [vdso]
b777a000-b779a000 r-xp 00000000 08:08 786565     /lib/i386-linux-gnu/ld-2.15.so
b779a000-b779b000 r--p 0001f000 08:08 786565     /lib/i386-linux-gnu/ld-2.15.so
b779b000-b779c000 rw-p 00020000 08:08 786565     /lib/i386-linux-gnu/ld-2.15.so
bfef2000-bff13000 rw-p 00000000 00:00 0          [stack]

VM Arguments:
jvm_args: -Dfile.encoding=UTF-8 -Xbootclasspath:/home/v/adt-bundle-linux-x86-20140321/sdk/platforms/android-19/android.jar 
java_command: com.ex.bb.MainActivity
Launcher Type: SUN_STANDARD

Environment Variables:
PATH=/usr/lib/lightdm/lightdm:/usr/local/sbin:/usr/local/bin:/usr/sbin:/usr/bin:/sbin:/bin:/usr/games
LD_LIBRARY_PATH=/usr/lib/jvm/java-6-openjdk-i386/jre/lib/i386/server:/usr/lib/jvm/java-6-openjdk-i386/jre/lib/i386:/usr/lib/jvm/java-6-openjdk-i386/jre/../lib/i386:/usr/lib/jvm/java-6-openjdk-i386/jre/lib/i386/client:/usr/lib/jvm/java-6-openjdk-i386/jre/lib/i386:
SHELL=/bin/bash
DISPLAY=:0.0

Signal Handlers:
SIGSEGV: [libjvm.so+0x7197b0], sa_mask[0]=0x7ffbfeff, sa_flags=0x10000004
SIGBUS: [libjvm.so+0x7197b0], sa_mask[0]=0x7ffbfeff, sa_flags=0x10000004
SIGFPE: [libjvm.so+0x5bf370], sa_mask[0]=0x7ffbfeff, sa_flags=0x10000004
SIGPIPE: [libjvm.so+0x5bf370], sa_mask[0]=0x7ffbfeff, sa_flags=0x10000004
SIGXFSZ: [libjvm.so+0x5bf370], sa_mask[0]=0x7ffbfeff, sa_flags=0x10000004
SIGILL: [libjvm.so+0x5bf370], sa_mask[0]=0x7ffbfeff, sa_flags=0x10000004
SIGUSR1: SIG_DFL, sa_mask[0]=0x00000000, sa_flags=0x00000000
SIGUSR2: [libjvm.so+0x5bf200], sa_mask[0]=0x00000004, sa_flags=0x10000004
SIGHUP: SIG_DFL, sa_mask[0]=0x00000000, sa_flags=0x00000000
SIGINT: SIG_DFL, sa_mask[0]=0x00000000, sa_flags=0x00000000
SIGTERM: SIG_DFL, sa_mask[0]=0x00000000, sa_flags=0x00000000
SIGQUIT: SIG_DFL, sa_mask[0]=0x00000000, sa_flags=0x00000000


---------------  S Y S T E M  ---------------

OS:Ubuntu 12.04 (precise)
uname:Linux 3.5.0-23-generic #35~precise1-Ubuntu SMP Fri Jan 25 17:15:33 UTC 2013 i686
libc:glibc 2.15 NPTL 2.15 
rlimit: STACK 8192k, CORE 0k, NPROC 14909, NOFILE 4096, AS infinity
load average:0.38 0.25 0.18

/proc/meminfo:
MemTotal:        1924236 kB
MemFree:          406612 kB
Buffers:           79016 kB
Cached:           765308 kB
SwapCached:            0 kB
Active:           787756 kB
Inactive:         640108 kB
Active(anon):     585492 kB
Inactive(anon):   181380 kB
Active(file):     202264 kB
Inactive(file):   458728 kB
Unevictable:           0 kB
Mlocked:               0 kB
HighTotal:       1065732 kB
HighFree:          13344 kB
LowTotal:         858504 kB
LowFree:          393268 kB
SwapTotal:       1976316 kB
SwapFree:        1976316 kB
Dirty:                52 kB
Writeback:             0 kB
AnonPages:        583652 kB
Mapped:           169388 kB
Shmem:            183336 kB
Slab:              52396 kB
SReclaimable:      33560 kB
SUnreclaim:        18836 kB
KernelStack:        3464 kB
PageTables:         8712 kB
NFS_Unstable:          0 kB
Bounce:                0 kB
WritebackTmp:          0 kB
CommitLimit:     2938432 kB
Committed_AS:    2854084 kB
VmallocTotal:     122880 kB
VmallocUsed:       18196 kB
VmallocChunk:     103892 kB
HardwareCorrupted:     0 kB
AnonHugePages:         0 kB
HugePages_Total:       0
HugePages_Free:        0
HugePages_Rsvd:        0
HugePages_Surp:        0
Hugepagesize:       2048 kB
DirectMap4k:       10232 kB
DirectMap2M:      903168 kB


CPU:total 4 (2 cores per cpu, 2 threads per core) family 6 model 58 stepping 9, cmov, cx8, fxsr, mmx, sse, sse2, sse3, ssse3, sse4.1, sse4.2, popcnt, avx, ht, tsc, tscinvbit, tscinv

/proc/cpuinfo:
processor	: 0
vendor_id	: GenuineIntel
cpu family	: 6
model		: 58
model name	: Intel(R) Core(TM) i3-3120M CPU @ 2.50GHz
stepping	: 9
microcode	: 0x12
cpu MHz		: 1600.000
cache size	: 3072 KB
physical id	: 0
siblings	: 4
core id		: 0
cpu cores	: 2
apicid		: 0
initial apicid	: 0
fdiv_bug	: no
hlt_bug		: no
f00f_bug	: no
coma_bug	: no
fpu		: yes
fpu_exception	: yes
cpuid level	: 13
wp		: yes
flags		: fpu vme de pse tsc msr pae mce cx8 apic sep mtrr pge mca cmov pat pse36 clflush dts acpi mmx fxsr sse sse2 ss ht tm pbe nx rdtscp lm constant_tsc arch_perfmon pebs bts xtopology nonstop_tsc aperfmperf pni pclmulqdq dtes64 monitor ds_cpl vmx est tm2 ssse3 cx16 xtpr pdcm pcid sse4_1 sse4_2 x2apic popcnt tsc_deadline_timer xsave avx f16c lahf_lm arat epb xsaveopt pln pts dtherm tpr_shadow vnmi flexpriority ept vpid fsgsbase smep erms
bogomips	: 4988.47
clflush size	: 64
cache_alignment	: 64
address sizes	: 36 bits physical, 48 bits virtual
power management:

processor	: 1
vendor_id	: GenuineIntel
cpu family	: 6
model		: 58
model name	: Intel(R) Core(TM) i3-3120M CPU @ 2.50GHz
stepping	: 9
microcode	: 0x12
cpu MHz		: 1800.000
cache size	: 3072 KB
physical id	: 0
siblings	: 4
core id		: 0
cpu cores	: 2
apicid		: 1
initial apicid	: 1
fdiv_bug	: no
hlt_bug		: no
f00f_bug	: no
coma_bug	: no
fpu		: yes
fpu_exception	: yes
cpuid level	: 13
wp		: yes
flags		: fpu vme de pse tsc msr pae mce cx8 apic sep mtrr pge mca cmov pat pse36 clflush dts acpi mmx fxsr sse sse2 ss ht tm pbe nx rdtscp lm constant_tsc arch_perfmon pebs bts xtopology nonstop_tsc aperfmperf pni pclmulqdq dtes64 monitor ds_cpl vmx est tm2 ssse3 cx16 xtpr pdcm pcid sse4_1 sse4_2 x2apic popcnt tsc_deadline_timer xsave avx f16c lahf_lm arat epb xsaveopt pln pts dtherm tpr_shadow vnmi flexpriority ept vpid fsgsbase smep erms
bogomips	: 4988.47
clflush size	: 64
cache_alignment	: 64
address sizes	: 36 bits physical, 48 bits virtual
power management:

processor	: 2
vendor_id	: GenuineIntel
cpu family	: 6
model		: 58
model name	: Intel(R) Core(TM) i3-3120M CPU @ 2.50GHz
stepping	: 9
microcode	: 0x12
cpu MHz		: 2500.000
cache size	: 3072 KB
physical id	: 0
siblings	: 4
core id		: 1
cpu cores	: 2
apicid		: 2
initial apicid	: 2
fdiv_bug	: no
hlt_bug		: no
f00f_bug	: no
coma_bug	: no
fpu		: yes
fpu_exception	: yes
cpuid level	: 13
wp		: yes
flags		: fpu vme de pse tsc msr pae mce cx8 apic sep mtrr pge mca cmov pat pse36 clflush dts acpi mmx fxsr sse sse2 ss ht tm pbe nx rdtscp lm constant_tsc arch_perfmon pebs bts xtopology nonstop_tsc aperfmperf pni pclmulqdq dtes64 monitor ds_cpl vmx est tm2 ssse3 cx16 xtpr pdcm pcid sse4_1 sse4_2 x2apic popcnt tsc_deadline_timer xsave avx f16c lahf_lm arat epb xsaveopt pln pts dtherm tpr_shadow vnmi flexpriority ept vpid fsgsbase smep erms
bogomips	: 4988.47
clflush size	: 64
cache_alignment	: 64
address sizes	: 36 bits physical, 48 bits virtual
power management:

processor	: 3
vendor_id	: GenuineIntel
cpu family	: 6
model		: 58
model name	: Intel(R) Core(TM) i3-3120M CPU @ 2.50GHz
stepping	: 9
microcode	: 0x12
cpu MHz		: 2500.000
cache size	: 3072 KB
physical id	: 0
siblings	: 4
core id		: 1
cpu cores	: 2
apicid		: 3
initial apicid	: 3
fdiv_bug	: no
hlt_bug		: no
f00f_bug	: no
coma_bug	: no
fpu		: yes
fpu_exception	: yes
cpuid level	: 13
wp		: yes
flags		: fpu vme de pse tsc msr pae mce cx8 apic sep mtrr pge mca cmov pat pse36 clflush dts acpi mmx fxsr sse sse2 ss ht tm pbe nx rdtscp lm constant_tsc arch_perfmon pebs bts xtopology nonstop_tsc aperfmperf pni pclmulqdq dtes64 monitor ds_cpl vmx est tm2 ssse3 cx16 xtpr pdcm pcid sse4_1 sse4_2 x2apic popcnt tsc_deadline_timer xsave avx f16c lahf_lm arat epb xsaveopt pln pts dtherm tpr_shadow vnmi flexpriority ept vpid fsgsbase smep erms
bogomips	: 4988.47
clflush size	: 64
cache_alignment	: 64
address sizes	: 36 bits physical, 48 bits virtual
power management:



Memory: 4k page, physical 1924236k(406612k free), swap 1976316k(1976316k free)

vm_info: OpenJDK Server VM (23.25-b01) for linux-x86 JRE (1.6.0_30-b30), built on Mar 26 2014 14:15:02 by "buildd" with gcc 4.6.3

time: Tue May  6 12:05:49 2014
elapsed time: 0 seconds

