#
# A fatal error has been detected by the Java Runtime Environment:
#
#  Internal Error (javaClasses.cpp:129), pid=1014, tid=3060788032
#  fatal error: Invalid layout of preloaded class
#
# JRE version: 6.0_30-b30
# Java VM: OpenJDK Server VM (23.25-b01 mixed mode linux-x86 )
# Failed to write core dump. Core dumps have been disabled. To enable core dumping, try "ulimit -c unlimited" before starting Java again
#
# If you would like to submit a bug report, please include
# instructions how to reproduce the bug and visit:
#   https://bugs.launchpad.net/ubuntu/+source/openjdk-6/
#

---------------  T H R E A D  ---------------

Current thread (0xb6506800):  JavaThread "Unknown thread" [_thread_in_vm, id=1015, stack(0xb66ae000,0xb66ff000)]

Stack: [0xb66ae000,0xb66ff000]
[error occurred during error reporting (printing stack bounds), id 0xb]


[error occurred during error reporting (printing native stack), id 0xb]


---------------  P R O C E S S  ---------------

Java Threads: ( => current thread )

Other Threads:

=>0xb6506800 (exited) JavaThread "Unknown thread" [_thread_in_vm, id=1015, stack(0xb66ae000,0xb66ff000)]

VM state:not at safepoint (not fully initialized)

VM Mutex/Monitor currently owned by a thread: None

GC Heap History (0 events):
No events

Deoptimization events (0 events):
No events

Internal exceptions (0 events):
No events

Events (10 events):
Event: 0.011 loading class 0xb6534648 done
Event: 0.011 loading class 0xb6533f88 done
Event: 0.011 loading class 0xb6533f60
Event: 0.011 loading class 0xb65710a8
Event: 0.011 loading class 0xb65710a8 done
Event: 0.011 loading class 0xb65710e0
Event: 0.011 loading class 0xb65710e0 done
Event: 0.011 loading class 0xb6571118
Event: 0.011 loading class 0xb6571118 done
Event: 0.011 loading class 0xb6533f60 done


Dynamic libraries:
08048000-08051000 r-xp 00000000 08:08 4988017    /usr/lib/jvm/java-6-openjdk-i386/jre/bin/java
08051000-08052000 r--p 00008000 08:08 4988017    /usr/lib/jvm/java-6-openjdk-i386/jre/bin/java
08052000-08053000 rw-p 00009000 08:08 4988017    /usr/lib/jvm/java-6-openjdk-i386/jre/bin/java
09bb8000-09bd9000 rw-p 00000000 00:00 0          [heap]
88fe9000-890c0000 r--s 013fe000 08:08 6822266    /home/v/adt-bundle-linux-x86-20140321/sdk/platforms/android-19/android.jar
890c0000-8ab00000 rw-p 00000000 00:00 0 
8ab00000-8ab21000 rw-p 00000000 00:00 0 
8ab21000-8ac00000 ---p 00000000 00:00 0 
8ac7f000-8ac80000 ---p 00000000 00:00 0 
8ac80000-8ad00000 rw-p 00000000 00:00 0          [stack:1025]
8ad00000-8ad21000 rw-p 00000000 00:00 0 
8ad21000-8ae00000 ---p 00000000 00:00 0 
8ae00000-8ae21000 rw-p 00000000 00:00 0 
8ae21000-8af00000 ---p 00000000 00:00 0 
8af7f000-8af80000 ---p 00000000 00:00 0 
8af80000-8b000000 rw-p 00000000 00:00 0          [stack:1024]
8b000000-8b021000 rw-p 00000000 00:00 0 
8b021000-8b100000 ---p 00000000 00:00 0 
8b112000-8b113000 ---p 00000000 00:00 0 
8b113000-8b193000 rw-p 00000000 00:00 0          [stack:1023]
8b193000-8b194000 ---p 00000000 00:00 0 
8b194000-8b21c000 rw-p 00000000 00:00 0          [stack:1022]
8b21c000-8b254000 rw-p 00000000 00:00 0 
8b254000-8b25e000 rw-p 00000000 00:00 0 
8b25e000-8b2ff000 rw-p 00000000 00:00 0 
8b2ff000-8b307000 rw-p 00000000 00:00 0 
8b307000-8b33f000 rw-p 00000000 00:00 0 
8b33f000-8b349000 rw-p 00000000 00:00 0 
8b349000-8b3e9000 rw-p 00000000 00:00 0 
8b3e9000-8b3ef000 rw-p 00000000 00:00 0 
8b3ef000-8b43f000 rw-p 00000000 00:00 0 
8b43f000-8c440000 rw-p 00000000 00:00 0 
8c440000-93440000 rw-p 00000000 00:00 0 
93440000-947e0000 rw-p 00000000 00:00 0 
947e0000-a89a0000 rw-p 00000000 00:00 0 
a89a0000-a9360000 rw-p 00000000 00:00 0 
a9360000-b3440000 rw-p 00000000 00:00 0 
b3440000-b3449000 rw-p 00000000 00:00 0 
b3449000-b3500000 rw-p 00000000 00:00 0 
b3500000-b3740000 rwxp 00000000 00:00 0 
b3740000-b6573000 rw-p 00000000 00:00 0 
b6573000-b6600000 ---p 00000000 00:00 0 
b662a000-b6635000 r-xp 00000000 08:08 786557     /lib/i386-linux-gnu/libnss_files-2.15.so
b6635000-b6636000 r--p 0000a000 08:08 786557     /lib/i386-linux-gnu/libnss_files-2.15.so
b6636000-b6637000 rw-p 0000b000 08:08 786557     /lib/i386-linux-gnu/libnss_files-2.15.so
b6637000-b6641000 r-xp 00000000 08:08 786561     /lib/i386-linux-gnu/libnss_nis-2.15.so
b6641000-b6642000 r--p 00009000 08:08 786561     /lib/i386-linux-gnu/libnss_nis-2.15.so
b6642000-b6643000 rw-p 0000a000 08:08 786561     /lib/i386-linux-gnu/libnss_nis-2.15.so
b6643000-b6659000 r-xp 00000000 08:08 790574     /lib/i386-linux-gnu/libnsl-2.15.so
b6659000-b665a000 r--p 00015000 08:08 790574     /lib/i386-linux-gnu/libnsl-2.15.so
b665a000-b665b000 rw-p 00016000 08:08 790574     /lib/i386-linux-gnu/libnsl-2.15.so
b665b000-b665d000 rw-p 00000000 00:00 0 
b665d000-b6664000 r-xp 00000000 08:08 786555     /lib/i386-linux-gnu/libnss_compat-2.15.so
b6664000-b6665000 r--p 00006000 08:08 786555     /lib/i386-linux-gnu/libnss_compat-2.15.so
b6665000-b6666000 rw-p 00007000 08:08 786555     /lib/i386-linux-gnu/libnss_compat-2.15.so
b6668000-b6670000 r-xp 00000000 08:08 4988011    /usr/lib/jvm/java-6-openjdk-i386/jre/lib/i386/libzip.so
b6670000-b6671000 r--p 00007000 08:08 4988011    /usr/lib/jvm/java-6-openjdk-i386/jre/lib/i386/libzip.so
b6671000-b6672000 rw-p 00008000 08:08 4988011    /usr/lib/jvm/java-6-openjdk-i386/jre/lib/i386/libzip.so
b6672000-b667a000 rw-s 00000000 08:08 1441889    /tmp/hsperfdata_v/1014
b667a000-b66a2000 r-xp 00000000 08:08 4987993    /usr/lib/jvm/java-6-openjdk-i386/jre/lib/i386/libjava.so
b66a2000-b66a3000 r--p 00027000 08:08 4987993    /usr/lib/jvm/java-6-openjdk-i386/jre/lib/i386/libjava.so
b66a3000-b66a5000 rw-p 00028000 08:08 4987993    /usr/lib/jvm/java-6-openjdk-i386/jre/lib/i386/libjava.so
b66a5000-b66ac000 r-xp 00000000 08:08 786560     /lib/i386-linux-gnu/librt-2.15.so
b66ac000-b66ad000 r--p 00006000 08:08 786560     /lib/i386-linux-gnu/librt-2.15.so
b66ad000-b66ae000 rw-p 00007000 08:08 786560     /lib/i386-linux-gnu/librt-2.15.so
b66ae000-b66b1000 ---p 00000000 00:00 0 
b66b1000-b66ff000 rw-p 00000000 00:00 0          [stack:1015]
b66ff000-b671b000 r-xp 00000000 08:08 787285     /lib/i386-linux-gnu/libgcc_s.so.1
b671b000-b671c000 r--p 0001b000 08:08 787285     /lib/i386-linux-gnu/libgcc_s.so.1
b671c000-b671d000 rw-p 0001c000 08:08 787285     /lib/i386-linux-gnu/libgcc_s.so.1
b671d000-b6747000 r-xp 00000000 08:08 786564     /lib/i386-linux-gnu/libm-2.15.so
b6747000-b6748000 r--p 00029000 08:08 786564     /lib/i386-linux-gnu/libm-2.15.so
b6748000-b6749000 rw-p 0002a000 08:08 786564     /lib/i386-linux-gnu/libm-2.15.so
b6749000-b6821000 r-xp 00000000 08:08 4068322    /usr/lib/i386-linux-gnu/libstdc++.so.6.0.16
b6821000-b6822000 ---p 000d8000 08:08 4068322    /usr/lib/i386-linux-gnu/libstdc++.so.6.0.16
b6822000-b6826000 r--p 000d8000 08:08 4068322    /usr/lib/i386-linux-gnu/libstdc++.so.6.0.16
b6826000-b6827000 rw-p 000dc000 08:08 4068322    /usr/lib/i386-linux-gnu/libstdc++.so.6.0.16
b6827000-b682e000 rw-p 00000000 00:00 0 
b682e000-b7116000 r-xp 00000000 08:08 4988001    /usr/lib/jvm/java-6-openjdk-i386/jre/lib/i386/server/libjvm.so
b7116000-b715d000 r--p 008e7000 08:08 4988001    /usr/lib/jvm/java-6-openjdk-i386/jre/lib/i386/server/libjvm.so
b715d000-b7171000 rw-p 0092e000 08:08 4988001    /usr/lib/jvm/java-6-openjdk-i386/jre/lib/i386/server/libjvm.so
b7171000-b758f000 rw-p 00000000 00:00 0 
b758f000-b75a3000 r-xp 00000000 08:08 787375     /lib/i386-linux-gnu/libz.so.1.2.3.4
b75a3000-b75a4000 r--p 00013000 08:08 787375     /lib/i386-linux-gnu/libz.so.1.2.3.4
b75a4000-b75a5000 rw-p 00014000 08:08 787375     /lib/i386-linux-gnu/libz.so.1.2.3.4
b75a5000-b7748000 r-xp 00000000 08:08 786553     /lib/i386-linux-gnu/libc-2.15.so
b7748000-b774a000 r--p 001a3000 08:08 786553     /lib/i386-linux-gnu/libc-2.15.so
b774a000-b774b000 rw-p 001a5000 08:08 786553     /lib/i386-linux-gnu/libc-2.15.so
b774b000-b774e000 rw-p 00000000 00:00 0 
b774e000-b7751000 r-xp 00000000 08:08 786568     /lib/i386-linux-gnu/libdl-2.15.so
b7751000-b7752000 r--p 00002000 08:08 786568     /lib/i386-linux-gnu/libdl-2.15.so
b7752000-b7753000 rw-p 00003000 08:08 786568     /lib/i386-linux-gnu/libdl-2.15.so
b7753000-b7757000 r-xp 00000000 08:08 4987975    /usr/lib/jvm/java-6-openjdk-i386/jre/lib/i386/jli/libjli.so
b7757000-b7758000 r--p 00003000 08:08 4987975    /usr/lib/jvm/java-6-openjdk-i386/jre/lib/i386/jli/libjli.so
b7758000-b7759000 rw-p 00004000 08:08 4987975    /usr/lib/jvm/java-6-openjdk-i386/jre/lib/i386/jli/libjli.so
b7759000-b775a000 rw-p 00000000 00:00 0 
b775a000-b7771000 r-xp 00000000 08:08 786562     /lib/i386-linux-gnu/libpthread-2.15.so
b7771000-b7772000 r--p 00016000 08:08 786562     /lib/i386-linux-gnu/libpthread-2.15.so
b7772000-b7773000 rw-p 00017000 08:08 786562     /lib/i386-linux-gnu/libpthread-2.15.so
b7773000-b7775000 rw-p 00000000 00:00 0 
b7779000-b777a000 rw-p 00000000 00:00 0 
b777a000-b777b000 r--p 00000000 00:00 0 
b777b000-b7787000 r-xp 00000000 08:08 4987992    /usr/lib/jvm/java-6-openjdk-i386/jre/lib/i386/libverify.so
b7787000-b7788000 r--p 0000b000 08:08 4987992    /usr/lib/jvm/java-6-openjdk-i386/jre/lib/i386/libverify.so
b7788000-b7789000 rw-p 0000c000 08:08 4987992    /usr/lib/jvm/java-6-openjdk-i386/jre/lib/i386/libverify.so
b7789000-b778b000 rw-p 00000000 00:00 0 
b778b000-b778c000 r-xp 00000000 00:00 0          [vdso]
b778c000-b77ac000 r-xp 00000000 08:08 786565     /lib/i386-linux-gnu/ld-2.15.so
b77ac000-b77ad000 r--p 0001f000 08:08 786565     /lib/i386-linux-gnu/ld-2.15.so
b77ad000-b77ae000 rw-p 00020000 08:08 786565     /lib/i386-linux-gnu/ld-2.15.so
bf846000-bf867000 rw-p 00000000 00:00 0          [stack]

VM Arguments:
jvm_args: -Dfile.encoding=UTF-8 -Xbootclasspath:/home/v/adt-bundle-linux-x86-20140321/sdk/platforms/android-19/android.jar 
java_command: com.ex.bb.SocketAsync
Launcher Type: SUN_STANDARD

Environment Variables:
PATH=/usr/lib/lightdm/lightdm:/usr/local/sbin:/usr/local/bin:/usr/sbin:/usr/bin:/sbin:/bin:/usr/games
LD_LIBRARY_PATH=/usr/lib/jvm/java-6-openjdk-i386/jre/lib/i386/server:/usr/lib/jvm/java-6-openjdk-i386/jre/lib/i386:/usr/lib/jvm/java-6-openjdk-i386/jre/../lib/i386:/usr/lib/jvm/java-6-openjdk-i386/jre/lib/i386/client:/usr/lib/jvm/java-6-openjdk-i386/jre/lib/i386:
SHELL=/bin/bash
DISPLAY=:0.0

Signal Handlers:
SIGSEGV: [libjvm.so+0x7197b0], sa_mask[0]=0x7ffbfeff, sa_flags=0x10000004
SIGBUS: [libjvm.so+0x7197b0], sa_mask[0]=0x7ffbfeff, sa_flags=0x10000004
SIGFPE: [libjvm.so+0x5bf370], sa_mask[0]=0x7ffbfeff, sa_flags=0x10000004
SIGPIPE: [libjvm.so+0x5bf370], sa_mask[0]=0x7ffbfeff, sa_flags=0x10000004
SIGXFSZ: [libjvm.so+0x5bf370], sa_mask[0]=0x7ffbfeff, sa_flags=0x10000004
SIGILL: [libjvm.so+0x5bf370], sa_mask[0]=0x7ffbfeff, sa_flags=0x10000004
SIGUSR1: SIG_DFL, sa_mask[0]=0x00000000, sa_flags=0x00000000
SIGUSR2: [libjvm.so+0x5bf200], sa_mask[0]=0x00000004, sa_flags=0x10000004
SIGHUP: SIG_DFL, sa_mask[0]=0x00000000, sa_flags=0x00000000
SIGINT: SIG_DFL, sa_mask[0]=0x00000000, sa_flags=0x00000000
SIGTERM: SIG_DFL, sa_mask[0]=0x00000000, sa_flags=0x00000000
SIGQUIT: SIG_DFL, sa_mask[0]=0x00000000, sa_flags=0x00000000


---------------  S Y S T E M  ---------------

OS:Ubuntu 12.04 (precise)
uname:Linux 3.5.0-23-generic #35~precise1-Ubuntu SMP Fri Jan 25 17:15:33 UTC 2013 i686
libc:glibc 2.15 NPTL 2.15 
rlimit: STACK 8192k, CORE 0k, NPROC 14909, NOFILE 4096, AS infinity
load average:0.56 0.69 0.50

/proc/meminfo:
MemTotal:        1924236 kB
MemFree:          323140 kB
Buffers:           62016 kB
Cached:           662480 kB
SwapCached:        49496 kB
Active:           862860 kB
Inactive:         627824 kB
Active(anon):     561792 kB
Inactive(anon):   373984 kB
Active(file):     301068 kB
Inactive(file):   253840 kB
Unevictable:         112 kB
Mlocked:             112 kB
HighTotal:       1065732 kB
HighFree:          13408 kB
LowTotal:         858504 kB
LowFree:          309732 kB
SwapTotal:       1976316 kB
SwapFree:        1553200 kB
Dirty:              1128 kB
Writeback:             0 kB
AnonPages:        746020 kB
Mapped:           121036 kB
Shmem:            169588 kB
Slab:              66172 kB
SReclaimable:      40588 kB
SUnreclaim:        25584 kB
KernelStack:        3744 kB
PageTables:        12212 kB
NFS_Unstable:          0 kB
Bounce:                0 kB
WritebackTmp:          0 kB
CommitLimit:     2938432 kB
Committed_AS:    3793968 kB
VmallocTotal:     122880 kB
VmallocUsed:       18724 kB
VmallocChunk:      38516 kB
HardwareCorrupted:     0 kB
AnonHugePages:         0 kB
HugePages_Total:       0
HugePages_Free:        0
HugePages_Rsvd:        0
HugePages_Surp:        0
Hugepagesize:       2048 kB
DirectMap4k:       43000 kB
DirectMap2M:      870400 kB


CPU:total 4 (2 cores per cpu, 2 threads per core) family 6 model 58 stepping 9, cmov, cx8, fxsr, mmx, sse, sse2, sse3, ssse3, sse4.1, sse4.2, popcnt, avx, ht, tsc, tscinvbit, tscinv

/proc/cpuinfo:
processor	: 0
vendor_id	: GenuineIntel
cpu family	: 6
model		: 58
model name	: Intel(R) Core(TM) i3-3120M CPU @ 2.50GHz
stepping	: 9
microcode	: 0x12
cpu MHz		: 1200.000
cache size	: 3072 KB
physical id	: 0
siblings	: 4
core id		: 0
cpu cores	: 2
apicid		: 0
initial apicid	: 0
fdiv_bug	: no
hlt_bug		: no
f00f_bug	: no
coma_bug	: no
fpu		: yes
fpu_exception	: yes
cpuid level	: 13
wp		: yes
flags		: fpu vme de pse tsc msr pae mce cx8 apic sep mtrr pge mca cmov pat pse36 clflush dts acpi mmx fxsr sse sse2 ss ht tm pbe nx rdtscp lm constant_tsc arch_perfmon pebs bts xtopology nonstop_tsc aperfmperf pni pclmulqdq dtes64 monitor ds_cpl vmx est tm2 ssse3 cx16 xtpr pdcm pcid sse4_1 sse4_2 x2apic popcnt tsc_deadline_timer xsave avx f16c lahf_lm arat epb xsaveopt pln pts dtherm tpr_shadow vnmi flexpriority ept vpid fsgsbase smep erms
bogomips	: 4988.52
clflush size	: 64
cache_alignment	: 64
address sizes	: 36 bits physical, 48 bits virtual
power management:

processor	: 1
vendor_id	: GenuineIntel
cpu family	: 6
model		: 58
model name	: Intel(R) Core(TM) i3-3120M CPU @ 2.50GHz
stepping	: 9
microcode	: 0x12
cpu MHz		: 1200.000
cache size	: 3072 KB
physical id	: 0
siblings	: 4
core id		: 0
cpu cores	: 2
apicid		: 1
initial apicid	: 1
fdiv_bug	: no
hlt_bug		: no
f00f_bug	: no
coma_bug	: no
fpu		: yes
fpu_exception	: yes
cpuid level	: 13
wp		: yes
flags		: fpu vme de pse tsc msr pae mce cx8 apic sep mtrr pge mca cmov pat pse36 clflush dts acpi mmx fxsr sse sse2 ss ht tm pbe nx rdtscp lm constant_tsc arch_perfmon pebs bts xtopology nonstop_tsc aperfmperf pni pclmulqdq dtes64 monitor ds_cpl vmx est tm2 ssse3 cx16 xtpr pdcm pcid sse4_1 sse4_2 x2apic popcnt tsc_deadline_timer xsave avx f16c lahf_lm arat epb xsaveopt pln pts dtherm tpr_shadow vnmi flexpriority ept vpid fsgsbase smep erms
bogomips	: 4988.52
clflush size	: 64
cache_alignment	: 64
address sizes	: 36 bits physical, 48 bits virtual
power management:

processor	: 2
vendor_id	: GenuineIntel
cpu family	: 6
model		: 58
model name	: Intel(R) Core(TM) i3-3120M CPU @ 2.50GHz
stepping	: 9
microcode	: 0x12
cpu MHz		: 1200.000
cache size	: 3072 KB
physical id	: 0
siblings	: 4
core id		: 1
cpu cores	: 2
apicid		: 2
initial apicid	: 2
fdiv_bug	: no
hlt_bug		: no
f00f_bug	: no
coma_bug	: no
fpu		: yes
fpu_exception	: yes
cpuid level	: 13
wp		: yes
flags		: fpu vme de pse tsc msr pae mce cx8 apic sep mtrr pge mca cmov pat pse36 clflush dts acpi mmx fxsr sse sse2 ss ht tm pbe nx rdtscp lm constant_tsc arch_perfmon pebs bts xtopology nonstop_tsc aperfmperf pni pclmulqdq dtes64 monitor ds_cpl vmx est tm2 ssse3 cx16 xtpr pdcm pcid sse4_1 sse4_2 x2apic popcnt tsc_deadline_timer xsave avx f16c lahf_lm arat epb xsaveopt pln pts dtherm tpr_shadow vnmi flexpriority ept vpid fsgsbase smep erms
bogomips	: 4988.52
clflush size	: 64
cache_alignment	: 64
address sizes	: 36 bits physical, 48 bits virtual
power management:

processor	: 3
vendor_id	: GenuineIntel
cpu family	: 6
model		: 58
model name	: Intel(R) Core(TM) i3-3120M CPU @ 2.50GHz
stepping	: 9
microcode	: 0x12
cpu MHz		: 2500.000
cache size	: 3072 KB
physical id	: 0
siblings	: 4
core id		: 1
cpu cores	: 2
apicid		: 3
initial apicid	: 3
fdiv_bug	: no
hlt_bug		: no
f00f_bug	: no
coma_bug	: no
fpu		: yes
fpu_exception	: yes
cpuid level	: 13
wp		: yes
flags		: fpu vme de pse tsc msr pae mce cx8 apic sep mtrr pge mca cmov pat pse36 clflush dts acpi mmx fxsr sse sse2 ss ht tm pbe nx rdtscp lm constant_tsc arch_perfmon pebs bts xtopology nonstop_tsc aperfmperf pni pclmulqdq dtes64 monitor ds_cpl vmx est tm2 ssse3 cx16 xtpr pdcm pcid sse4_1 sse4_2 x2apic popcnt tsc_deadline_timer xsave avx f16c lahf_lm arat epb xsaveopt pln pts dtherm tpr_shadow vnmi flexpriority ept vpid fsgsbase smep erms
bogomips	: 4988.52
clflush size	: 64
cache_alignment	: 64
address sizes	: 36 bits physical, 48 bits virtual
power management:



Memory: 4k page, physical 1924236k(323140k free), swap 1976316k(1553200k free)

vm_info: OpenJDK Server VM (23.25-b01) for linux-x86 JRE (1.6.0_30-b30), built on Mar 26 2014 14:15:02 by "buildd" with gcc 4.6.3

time: Tue May  6 17:00:56 2014
elapsed time: 0 seconds

