#
# A fatal error has been detected by the Java Runtime Environment:
#
#  Internal Error (javaClasses.cpp:129), pid=3036, tid=3060218688
#  fatal error: Invalid layout of preloaded class
#
# JRE version: 6.0_30-b30
# Java VM: OpenJDK Server VM (23.25-b01 mixed mode linux-x86 )
# Failed to write core dump. Core dumps have been disabled. To enable core dumping, try "ulimit -c unlimited" before starting Java again
#
# If you would like to submit a bug report, please include
# instructions how to reproduce the bug and visit:
#   https://bugs.launchpad.net/ubuntu/+source/openjdk-6/
#

---------------  T H R E A D  ---------------

Current thread (0xb6506800):  JavaThread "Unknown thread" [_thread_in_vm, id=3041, stack(0xb6623000,0xb6674000)]

Stack: [0xb6623000,0xb6674000]
[error occurred during error reporting (printing stack bounds), id 0xb]


[error occurred during error reporting (printing native stack), id 0xb]


---------------  P R O C E S S  ---------------

Java Threads: ( => current thread )

Other Threads:

=>0xb6506800 (exited) JavaThread "Unknown thread" [_thread_in_vm, id=3041, stack(0xb6623000,0xb6674000)]

VM state:not at safepoint (not fully initialized)

VM Mutex/Monitor currently owned by a thread: None

GC Heap History (0 events):
No events

Deoptimization events (0 events):
No events

Internal exceptions (0 events):
No events

Events (10 events):
Event: 0.012 loading class 0xb6534648 done
Event: 0.012 loading class 0xb6533f88 done
Event: 0.012 loading class 0xb6533f60
Event: 0.012 loading class 0xb65710a8
Event: 0.012 loading class 0xb65710a8 done
Event: 0.012 loading class 0xb65710e0
Event: 0.012 loading class 0xb65710e0 done
Event: 0.012 loading class 0xb6571118
Event: 0.012 loading class 0xb6571118 done
Event: 0.013 loading class 0xb6533f60 done


Dynamic libraries:
08048000-08051000 r-xp 00000000 08:08 4988017    /usr/lib/jvm/java-6-openjdk-i386/jre/bin/java
08051000-08052000 r--p 00008000 08:08 4988017    /usr/lib/jvm/java-6-openjdk-i386/jre/bin/java
08052000-08053000 rw-p 00009000 08:08 4988017    /usr/lib/jvm/java-6-openjdk-i386/jre/bin/java
09261000-09282000 rw-p 00000000 00:00 0          [heap]
88ee9000-88fc0000 r--s 013fe000 08:08 6822266    /home/v/adt-bundle-linux-x86-20140321/sdk/platforms/android-19/android.jar
88fc0000-8aa00000 rw-p 00000000 00:00 0 
8aa00000-8aa21000 rw-p 00000000 00:00 0 
8aa21000-8ab00000 ---p 00000000 00:00 0 
8ab7f000-8ab80000 ---p 00000000 00:00 0 
8ab80000-8ac00000 rw-p 00000000 00:00 0          [stack:3045]
8ac00000-8ac21000 rw-p 00000000 00:00 0 
8ac21000-8ad00000 ---p 00000000 00:00 0 
8ad7f000-8ad80000 ---p 00000000 00:00 0 
8ad80000-8ae00000 rw-p 00000000 00:00 0          [stack:3044]
8ae00000-8ae21000 rw-p 00000000 00:00 0 
8ae21000-8af00000 ---p 00000000 00:00 0 
8af7f000-8af80000 ---p 00000000 00:00 0 
8af80000-8b000000 rw-p 00000000 00:00 0          [stack:3043]
8b000000-8b021000 rw-p 00000000 00:00 0 
8b021000-8b100000 ---p 00000000 00:00 0 
8b123000-8b124000 ---p 00000000 00:00 0 
8b124000-8b1ac000 rw-p 00000000 00:00 0          [stack:3042]
8b1ac000-8b1e4000 rw-p 00000000 00:00 0 
8b1e4000-8b1ee000 rw-p 00000000 00:00 0 
8b1ee000-8b28f000 rw-p 00000000 00:00 0 
8b28f000-8b297000 rw-p 00000000 00:00 0 
8b297000-8b2cf000 rw-p 00000000 00:00 0 
8b2cf000-8b2d9000 rw-p 00000000 00:00 0 
8b2d9000-8b379000 rw-p 00000000 00:00 0 
8b379000-8b37f000 rw-p 00000000 00:00 0 
8b37f000-8b3cf000 rw-p 00000000 00:00 0 
8b3cf000-8c3d0000 rw-p 00000000 00:00 0 
8c3d0000-933d0000 rw-p 00000000 00:00 0 
933d0000-94770000 rw-p 00000000 00:00 0 
94770000-a8930000 rw-p 00000000 00:00 0 
a8930000-a92f0000 rw-p 00000000 00:00 0 
a92f0000-b33d0000 rw-p 00000000 00:00 0 
b33d9000-b33e2000 rw-p 00000000 00:00 0 
b33e2000-b3499000 rw-p 00000000 00:00 0 
b3499000-b36d9000 rwxp 00000000 00:00 0 
b36d9000-b6499000 rw-p 00000000 00:00 0 
b6499000-b64a4000 r-xp 00000000 08:08 786557     /lib/i386-linux-gnu/libnss_files-2.15.so
b64a4000-b64a5000 r--p 0000a000 08:08 786557     /lib/i386-linux-gnu/libnss_files-2.15.so
b64a5000-b64a6000 rw-p 0000b000 08:08 786557     /lib/i386-linux-gnu/libnss_files-2.15.so
b64a6000-b64b0000 r-xp 00000000 08:08 786561     /lib/i386-linux-gnu/libnss_nis-2.15.so
b64b0000-b64b1000 r--p 00009000 08:08 786561     /lib/i386-linux-gnu/libnss_nis-2.15.so
b64b1000-b64b2000 rw-p 0000a000 08:08 786561     /lib/i386-linux-gnu/libnss_nis-2.15.so
b64b2000-b64c8000 r-xp 00000000 08:08 790574     /lib/i386-linux-gnu/libnsl-2.15.so
b64c8000-b64c9000 r--p 00015000 08:08 790574     /lib/i386-linux-gnu/libnsl-2.15.so
b64c9000-b64ca000 rw-p 00016000 08:08 790574     /lib/i386-linux-gnu/libnsl-2.15.so
b64ca000-b64cc000 rw-p 00000000 00:00 0 
b64cc000-b64d3000 r-xp 00000000 08:08 786555     /lib/i386-linux-gnu/libnss_compat-2.15.so
b64d3000-b64d4000 r--p 00006000 08:08 786555     /lib/i386-linux-gnu/libnss_compat-2.15.so
b64d4000-b64d5000 rw-p 00007000 08:08 786555     /lib/i386-linux-gnu/libnss_compat-2.15.so
b64d5000-b64fd000 r-xp 00000000 08:08 4987993    /usr/lib/jvm/java-6-openjdk-i386/jre/lib/i386/libjava.so
b64fd000-b64fe000 r--p 00027000 08:08 4987993    /usr/lib/jvm/java-6-openjdk-i386/jre/lib/i386/libjava.so
b64fe000-b6500000 rw-p 00028000 08:08 4987993    /usr/lib/jvm/java-6-openjdk-i386/jre/lib/i386/libjava.so
b6500000-b6573000 rw-p 00000000 00:00 0 
b6573000-b6600000 ---p 00000000 00:00 0 
b6608000-b6610000 r-xp 00000000 08:08 4988011    /usr/lib/jvm/java-6-openjdk-i386/jre/lib/i386/libzip.so
b6610000-b6611000 r--p 00007000 08:08 4988011    /usr/lib/jvm/java-6-openjdk-i386/jre/lib/i386/libzip.so
b6611000-b6612000 rw-p 00008000 08:08 4988011    /usr/lib/jvm/java-6-openjdk-i386/jre/lib/i386/libzip.so
b6612000-b661a000 rw-s 00000000 08:08 1441857    /tmp/hsperfdata_v/3036
b661a000-b6621000 r-xp 00000000 08:08 786560     /lib/i386-linux-gnu/librt-2.15.so
b6621000-b6622000 r--p 00006000 08:08 786560     /lib/i386-linux-gnu/librt-2.15.so
b6622000-b6623000 rw-p 00007000 08:08 786560     /lib/i386-linux-gnu/librt-2.15.so
b6623000-b6626000 ---p 00000000 00:00 0 
b6626000-b6674000 rw-p 00000000 00:00 0          [stack:3041]
b6674000-b6690000 r-xp 00000000 08:08 787285     /lib/i386-linux-gnu/libgcc_s.so.1
b6690000-b6691000 r--p 0001b000 08:08 787285     /lib/i386-linux-gnu/libgcc_s.so.1
b6691000-b6692000 rw-p 0001c000 08:08 787285     /lib/i386-linux-gnu/libgcc_s.so.1
b6692000-b66bc000 r-xp 00000000 08:08 786564     /lib/i386-linux-gnu/libm-2.15.so
b66bc000-b66bd000 r--p 00029000 08:08 786564     /lib/i386-linux-gnu/libm-2.15.so
b66bd000-b66be000 rw-p 0002a000 08:08 786564     /lib/i386-linux-gnu/libm-2.15.so
b66be000-b6796000 r-xp 00000000 08:08 4068322    /usr/lib/i386-linux-gnu/libstdc++.so.6.0.16
b6796000-b6797000 ---p 000d8000 08:08 4068322    /usr/lib/i386-linux-gnu/libstdc++.so.6.0.16
b6797000-b679b000 r--p 000d8000 08:08 4068322    /usr/lib/i386-linux-gnu/libstdc++.so.6.0.16
b679b000-b679c000 rw-p 000dc000 08:08 4068322    /usr/lib/i386-linux-gnu/libstdc++.so.6.0.16
b679c000-b67a3000 rw-p 00000000 00:00 0 
b67a3000-b708b000 r-xp 00000000 08:08 4988001    /usr/lib/jvm/java-6-openjdk-i386/jre/lib/i386/server/libjvm.so
b708b000-b70d2000 r--p 008e7000 08:08 4988001    /usr/lib/jvm/java-6-openjdk-i386/jre/lib/i386/server/libjvm.so
b70d2000-b70e6000 rw-p 0092e000 08:08 4988001    /usr/lib/jvm/java-6-openjdk-i386/jre/lib/i386/server/libjvm.so
b70e6000-b7504000 rw-p 00000000 00:00 0 
b7504000-b7518000 r-xp 00000000 08:08 787375     /lib/i386-linux-gnu/libz.so.1.2.3.4
b7518000-b7519000 r--p 00013000 08:08 787375     /lib/i386-linux-gnu/libz.so.1.2.3.4
b7519000-b751a000 rw-p 00014000 08:08 787375     /lib/i386-linux-gnu/libz.so.1.2.3.4
b751a000-b76bd000 r-xp 00000000 08:08 786553     /lib/i386-linux-gnu/libc-2.15.so
b76bd000-b76bf000 r--p 001a3000 08:08 786553     /lib/i386-linux-gnu/libc-2.15.so
b76bf000-b76c0000 rw-p 001a5000 08:08 786553     /lib/i386-linux-gnu/libc-2.15.so
b76c0000-b76c3000 rw-p 00000000 00:00 0 
b76c3000-b76c6000 r-xp 00000000 08:08 786568     /lib/i386-linux-gnu/libdl-2.15.so
b76c6000-b76c7000 r--p 00002000 08:08 786568     /lib/i386-linux-gnu/libdl-2.15.so
b76c7000-b76c8000 rw-p 00003000 08:08 786568     /lib/i386-linux-gnu/libdl-2.15.so
b76c8000-b76cc000 r-xp 00000000 08:08 4987975    /usr/lib/jvm/java-6-openjdk-i386/jre/lib/i386/jli/libjli.so
b76cc000-b76cd000 r--p 00003000 08:08 4987975    /usr/lib/jvm/java-6-openjdk-i386/jre/lib/i386/jli/libjli.so
b76cd000-b76ce000 rw-p 00004000 08:08 4987975    /usr/lib/jvm/java-6-openjdk-i386/jre/lib/i386/jli/libjli.so
b76ce000-b76cf000 rw-p 00000000 00:00 0 
b76cf000-b76e6000 r-xp 00000000 08:08 786562     /lib/i386-linux-gnu/libpthread-2.15.so
b76e6000-b76e7000 r--p 00016000 08:08 786562     /lib/i386-linux-gnu/libpthread-2.15.so
b76e7000-b76e8000 rw-p 00017000 08:08 786562     /lib/i386-linux-gnu/libpthread-2.15.so
b76e8000-b76ea000 rw-p 00000000 00:00 0 
b76ee000-b76ef000 rw-p 00000000 00:00 0 
b76ef000-b76f0000 r--p 00000000 00:00 0 
b76f0000-b76fc000 r-xp 00000000 08:08 4987992    /usr/lib/jvm/java-6-openjdk-i386/jre/lib/i386/libverify.so
b76fc000-b76fd000 r--p 0000b000 08:08 4987992    /usr/lib/jvm/java-6-openjdk-i386/jre/lib/i386/libverify.so
b76fd000-b76fe000 rw-p 0000c000 08:08 4987992    /usr/lib/jvm/java-6-openjdk-i386/jre/lib/i386/libverify.so
b76fe000-b7700000 rw-p 00000000 00:00 0 
b7700000-b7701000 r-xp 00000000 00:00 0          [vdso]
b7701000-b7721000 r-xp 00000000 08:08 786565     /lib/i386-linux-gnu/ld-2.15.so
b7721000-b7722000 r--p 0001f000 08:08 786565     /lib/i386-linux-gnu/ld-2.15.so
b7722000-b7723000 rw-p 00020000 08:08 786565     /lib/i386-linux-gnu/ld-2.15.so
bfa50000-bfa71000 rw-p 00000000 00:00 0          [stack]

VM Arguments:
jvm_args: -Dfile.encoding=UTF-8 -Xbootclasspath:/home/v/adt-bundle-linux-x86-20140321/sdk/platforms/android-19/android.jar 
java_command: com.ex.bb.MainActivity
Launcher Type: SUN_STANDARD

Environment Variables:
PATH=/usr/lib/lightdm/lightdm:/usr/local/sbin:/usr/local/bin:/usr/sbin:/usr/bin:/sbin:/bin:/usr/games
LD_LIBRARY_PATH=/usr/lib/jvm/java-6-openjdk-i386/jre/lib/i386/server:/usr/lib/jvm/java-6-openjdk-i386/jre/lib/i386:/usr/lib/jvm/java-6-openjdk-i386/jre/../lib/i386:/usr/lib/jvm/java-6-openjdk-i386/jre/lib/i386/client:/usr/lib/jvm/java-6-openjdk-i386/jre/lib/i386:
SHELL=/bin/bash
DISPLAY=:0.0

Signal Handlers:
SIGSEGV: [libjvm.so+0x7197b0], sa_mask[0]=0x7ffbfeff, sa_flags=0x10000004
SIGBUS: [libjvm.so+0x7197b0], sa_mask[0]=0x7ffbfeff, sa_flags=0x10000004
SIGFPE: [libjvm.so+0x5bf370], sa_mask[0]=0x7ffbfeff, sa_flags=0x10000004
SIGPIPE: [libjvm.so+0x5bf370], sa_mask[0]=0x7ffbfeff, sa_flags=0x10000004
SIGXFSZ: [libjvm.so+0x5bf370], sa_mask[0]=0x7ffbfeff, sa_flags=0x10000004
SIGILL: [libjvm.so+0x5bf370], sa_mask[0]=0x7ffbfeff, sa_flags=0x10000004
SIGUSR1: SIG_DFL, sa_mask[0]=0x00000000, sa_flags=0x00000000
SIGUSR2: [libjvm.so+0x5bf200], sa_mask[0]=0x00000004, sa_flags=0x10000004
SIGHUP: SIG_DFL, sa_mask[0]=0x00000000, sa_flags=0x00000000
SIGINT: SIG_DFL, sa_mask[0]=0x00000000, sa_flags=0x00000000
SIGTERM: SIG_DFL, sa_mask[0]=0x00000000, sa_flags=0x00000000
SIGQUIT: SIG_DFL, sa_mask[0]=0x00000000, sa_flags=0x00000000


---------------  S Y S T E M  ---------------

OS:Ubuntu 12.04 (precise)
uname:Linux 3.5.0-23-generic #35~precise1-Ubuntu SMP Fri Jan 25 17:15:33 UTC 2013 i686
libc:glibc 2.15 NPTL 2.15 
rlimit: STACK 8192k, CORE 0k, NPROC 14909, NOFILE 4096, AS infinity
load average:0.05 0.13 0.13

/proc/meminfo:
MemTotal:        1924236 kB
MemFree:          402592 kB
Buffers:           77072 kB
Cached:           760816 kB
SwapCached:            0 kB
Active:           771312 kB
Inactive:         661172 kB
Active(anon):     596268 kB
Inactive(anon):   179336 kB
Active(file):     175044 kB
Inactive(file):   481836 kB
Unevictable:           0 kB
Mlocked:               0 kB
HighTotal:       1065732 kB
HighFree:          13344 kB
LowTotal:         858504 kB
LowFree:          389248 kB
SwapTotal:       1976316 kB
SwapFree:        1976316 kB
Dirty:                80 kB
Writeback:             0 kB
AnonPages:        594604 kB
Mapped:           169128 kB
Shmem:            181012 kB
Slab:              51648 kB
SReclaimable:      32904 kB
SUnreclaim:        18744 kB
KernelStack:        3472 kB
PageTables:         8764 kB
NFS_Unstable:          0 kB
Bounce:                0 kB
WritebackTmp:          0 kB
CommitLimit:     2938432 kB
Committed_AS:    2895548 kB
VmallocTotal:     122880 kB
VmallocUsed:       18196 kB
VmallocChunk:     103892 kB
HardwareCorrupted:     0 kB
AnonHugePages:         0 kB
HugePages_Total:       0
HugePages_Free:        0
HugePages_Rsvd:        0
HugePages_Surp:        0
Hugepagesize:       2048 kB
DirectMap4k:       10232 kB
DirectMap2M:      903168 kB


CPU:total 4 (2 cores per cpu, 2 threads per core) family 6 model 58 stepping 9, cmov, cx8, fxsr, mmx, sse, sse2, sse3, ssse3, sse4.1, sse4.2, popcnt, avx, ht, tsc, tscinvbit, tscinv

/proc/cpuinfo:
processor	: 0
vendor_id	: GenuineIntel
cpu family	: 6
model		: 58
model name	: Intel(R) Core(TM) i3-3120M CPU @ 2.50GHz
stepping	: 9
microcode	: 0x12
cpu MHz		: 1200.000
cache size	: 3072 KB
physical id	: 0
siblings	: 4
core id		: 0
cpu cores	: 2
apicid		: 0
initial apicid	: 0
fdiv_bug	: no
hlt_bug		: no
f00f_bug	: no
coma_bug	: no
fpu		: yes
fpu_exception	: yes
cpuid level	: 13
wp		: yes
flags		: fpu vme de pse tsc msr pae mce cx8 apic sep mtrr pge mca cmov pat pse36 clflush dts acpi mmx fxsr sse sse2 ss ht tm pbe nx rdtscp lm constant_tsc arch_perfmon pebs bts xtopology nonstop_tsc aperfmperf pni pclmulqdq dtes64 monitor ds_cpl vmx est tm2 ssse3 cx16 xtpr pdcm pcid sse4_1 sse4_2 x2apic popcnt tsc_deadline_timer xsave avx f16c lahf_lm arat epb xsaveopt pln pts dtherm tpr_shadow vnmi flexpriority ept vpid fsgsbase smep erms
bogomips	: 4988.47
clflush size	: 64
cache_alignment	: 64
address sizes	: 36 bits physical, 48 bits virtual
power management:

processor	: 1
vendor_id	: GenuineIntel
cpu family	: 6
model		: 58
model name	: Intel(R) Core(TM) i3-3120M CPU @ 2.50GHz
stepping	: 9
microcode	: 0x12
cpu MHz		: 2500.000
cache size	: 3072 KB
physical id	: 0
siblings	: 4
core id		: 0
cpu cores	: 2
apicid		: 1
initial apicid	: 1
fdiv_bug	: no
hlt_bug		: no
f00f_bug	: no
coma_bug	: no
fpu		: yes
fpu_exception	: yes
cpuid level	: 13
wp		: yes
flags		: fpu vme de pse tsc msr pae mce cx8 apic sep mtrr pge mca cmov pat pse36 clflush dts acpi mmx fxsr sse sse2 ss ht tm pbe nx rdtscp lm constant_tsc arch_perfmon pebs bts xtopology nonstop_tsc aperfmperf pni pclmulqdq dtes64 monitor ds_cpl vmx est tm2 ssse3 cx16 xtpr pdcm pcid sse4_1 sse4_2 x2apic popcnt tsc_deadline_timer xsave avx f16c lahf_lm arat epb xsaveopt pln pts dtherm tpr_shadow vnmi flexpriority ept vpid fsgsbase smep erms
bogomips	: 4988.47
clflush size	: 64
cache_alignment	: 64
address sizes	: 36 bits physical, 48 bits virtual
power management:

processor	: 2
vendor_id	: GenuineIntel
cpu family	: 6
model		: 58
model name	: Intel(R) Core(TM) i3-3120M CPU @ 2.50GHz
stepping	: 9
microcode	: 0x12
cpu MHz		: 2500.000
cache size	: 3072 KB
physical id	: 0
siblings	: 4
core id		: 1
cpu cores	: 2
apicid		: 2
initial apicid	: 2
fdiv_bug	: no
hlt_bug		: no
f00f_bug	: no
coma_bug	: no
fpu		: yes
fpu_exception	: yes
cpuid level	: 13
wp		: yes
flags		: fpu vme de pse tsc msr pae mce cx8 apic sep mtrr pge mca cmov pat pse36 clflush dts acpi mmx fxsr sse sse2 ss ht tm pbe nx rdtscp lm constant_tsc arch_perfmon pebs bts xtopology nonstop_tsc aperfmperf pni pclmulqdq dtes64 monitor ds_cpl vmx est tm2 ssse3 cx16 xtpr pdcm pcid sse4_1 sse4_2 x2apic popcnt tsc_deadline_timer xsave avx f16c lahf_lm arat epb xsaveopt pln pts dtherm tpr_shadow vnmi flexpriority ept vpid fsgsbase smep erms
bogomips	: 4988.47
clflush size	: 64
cache_alignment	: 64
address sizes	: 36 bits physical, 48 bits virtual
power management:

processor	: 3
vendor_id	: GenuineIntel
cpu family	: 6
model		: 58
model name	: Intel(R) Core(TM) i3-3120M CPU @ 2.50GHz
stepping	: 9
microcode	: 0x12
cpu MHz		: 2500.000
cache size	: 3072 KB
physical id	: 0
siblings	: 4
core id		: 1
cpu cores	: 2
apicid		: 3
initial apicid	: 3
fdiv_bug	: no
hlt_bug		: no
f00f_bug	: no
coma_bug	: no
fpu		: yes
fpu_exception	: yes
cpuid level	: 13
wp		: yes
flags		: fpu vme de pse tsc msr pae mce cx8 apic sep mtrr pge mca cmov pat pse36 clflush dts acpi mmx fxsr sse sse2 ss ht tm pbe nx rdtscp lm constant_tsc arch_perfmon pebs bts xtopology nonstop_tsc aperfmperf pni pclmulqdq dtes64 monitor ds_cpl vmx est tm2 ssse3 cx16 xtpr pdcm pcid sse4_1 sse4_2 x2apic popcnt tsc_deadline_timer xsave avx f16c lahf_lm arat epb xsaveopt pln pts dtherm tpr_shadow vnmi flexpriority ept vpid fsgsbase smep erms
bogomips	: 4988.47
clflush size	: 64
cache_alignment	: 64
address sizes	: 36 bits physical, 48 bits virtual
power management:



Memory: 4k page, physical 1924236k(402592k free), swap 1976316k(1976316k free)

vm_info: OpenJDK Server VM (23.25-b01) for linux-x86 JRE (1.6.0_30-b30), built on Mar 26 2014 14:15:02 by "buildd" with gcc 4.6.3

time: Tue May  6 12:02:43 2014
elapsed time: 0 seconds

