#
# A fatal error has been detected by the Java Runtime Environment:
#
#  Internal Error (javaClasses.cpp:129), pid=830, tid=3060173632
#  fatal error: Invalid layout of preloaded class
#
# JRE version: 6.0_30-b30
# Java VM: OpenJDK Server VM (23.25-b01 mixed mode linux-x86 )
# Failed to write core dump. Core dumps have been disabled. To enable core dumping, try "ulimit -c unlimited" before starting Java again
#
# If you would like to submit a bug report, please include
# instructions how to reproduce the bug and visit:
#   https://bugs.launchpad.net/ubuntu/+source/openjdk-6/
#

---------------  T H R E A D  ---------------

Current thread (0xb6506800):  JavaThread "Unknown thread" [_thread_in_vm, id=831, stack(0xb6618000,0xb6669000)]

Stack: [0xb6618000,0xb6669000]
[error occurred during error reporting (printing stack bounds), id 0xb]


[error occurred during error reporting (printing native stack), id 0xb]


---------------  P R O C E S S  ---------------

Java Threads: ( => current thread )

Other Threads:

=>0xb6506800 (exited) JavaThread "Unknown thread" [_thread_in_vm, id=831, stack(0xb6618000,0xb6669000)]

VM state:not at safepoint (not fully initialized)

VM Mutex/Monitor currently owned by a thread: None

GC Heap History (0 events):
No events

Deoptimization events (0 events):
No events

Internal exceptions (0 events):
No events

Events (10 events):
Event: 0.008 loading class 0xb6534648 done
Event: 0.008 loading class 0xb6533f88 done
Event: 0.008 loading class 0xb6533f60
Event: 0.008 loading class 0xb65710a8
Event: 0.008 loading class 0xb65710a8 done
Event: 0.008 loading class 0xb65710e0
Event: 0.008 loading class 0xb65710e0 done
Event: 0.008 loading class 0xb6571118
Event: 0.008 loading class 0xb6571118 done
Event: 0.009 loading class 0xb6533f60 done


Dynamic libraries:
08048000-08051000 r-xp 00000000 08:08 4988017    /usr/lib/jvm/java-6-openjdk-i386/jre/bin/java
08051000-08052000 r--p 00008000 08:08 4988017    /usr/lib/jvm/java-6-openjdk-i386/jre/bin/java
08052000-08053000 rw-p 00009000 08:08 4988017    /usr/lib/jvm/java-6-openjdk-i386/jre/bin/java
09669000-0968a000 rw-p 00000000 00:00 0          [heap]
88ee9000-88fc0000 r--s 013fe000 08:08 6822266    /home/v/adt-bundle-linux-x86-20140321/sdk/platforms/android-19/android.jar
88fc0000-8aa00000 rw-p 00000000 00:00 0 
8aa00000-8aa21000 rw-p 00000000 00:00 0 
8aa21000-8ab00000 ---p 00000000 00:00 0 
8ab7f000-8ab80000 ---p 00000000 00:00 0 
8ab80000-8ac00000 rw-p 00000000 00:00 0          [stack:839]
8ac00000-8ac21000 rw-p 00000000 00:00 0 
8ac21000-8ad00000 ---p 00000000 00:00 0 
8ad7f000-8ad80000 ---p 00000000 00:00 0 
8ad80000-8ae00000 rw-p 00000000 00:00 0          [stack:838]
8ae00000-8ae21000 rw-p 00000000 00:00 0 
8ae21000-8af00000 ---p 00000000 00:00 0 
8af7f000-8af80000 ---p 00000000 00:00 0 
8af80000-8b000000 rw-p 00000000 00:00 0          [stack:837]
8b000000-8b021000 rw-p 00000000 00:00 0 
8b021000-8b100000 ---p 00000000 00:00 0 
8b113000-8b114000 ---p 00000000 00:00 0 
8b114000-8b19c000 rw-p 00000000 00:00 0          [stack:836]
8b19c000-8b1d4000 rw-p 00000000 00:00 0 
8b1d4000-8b1de000 rw-p 00000000 00:00 0 
8b1de000-8b27f000 rw-p 00000000 00:00 0 
8b27f000-8b287000 rw-p 00000000 00:00 0 
8b287000-8b2bf000 rw-p 00000000 00:00 0 
8b2bf000-8b2c9000 rw-p 00000000 00:00 0 
8b2c9000-8b369000 rw-p 00000000 00:00 0 
8b369000-8b36f000 rw-p 00000000 00:00 0 
8b36f000-8b3bf000 rw-p 00000000 00:00 0 
8b3bf000-8c3c0000 rw-p 00000000 00:00 0 
8c3c0000-933c0000 rw-p 00000000 00:00 0 
933c0000-94760000 rw-p 00000000 00:00 0 
94760000-a8920000 rw-p 00000000 00:00 0 
a8920000-a92e0000 rw-p 00000000 00:00 0 
a92e0000-b33c0000 rw-p 00000000 00:00 0 
b33ce000-b33d7000 rw-p 00000000 00:00 0 
b33d7000-b348e000 rw-p 00000000 00:00 0 
b348e000-b36ce000 rwxp 00000000 00:00 0 
b36ce000-b648e000 rw-p 00000000 00:00 0 
b648e000-b6499000 r-xp 00000000 08:08 786557     /lib/i386-linux-gnu/libnss_files-2.15.so
b6499000-b649a000 r--p 0000a000 08:08 786557     /lib/i386-linux-gnu/libnss_files-2.15.so
b649a000-b649b000 rw-p 0000b000 08:08 786557     /lib/i386-linux-gnu/libnss_files-2.15.so
b649b000-b64a5000 r-xp 00000000 08:08 786561     /lib/i386-linux-gnu/libnss_nis-2.15.so
b64a5000-b64a6000 r--p 00009000 08:08 786561     /lib/i386-linux-gnu/libnss_nis-2.15.so
b64a6000-b64a7000 rw-p 0000a000 08:08 786561     /lib/i386-linux-gnu/libnss_nis-2.15.so
b64a7000-b64bd000 r-xp 00000000 08:08 790574     /lib/i386-linux-gnu/libnsl-2.15.so
b64bd000-b64be000 r--p 00015000 08:08 790574     /lib/i386-linux-gnu/libnsl-2.15.so
b64be000-b64bf000 rw-p 00016000 08:08 790574     /lib/i386-linux-gnu/libnsl-2.15.so
b64bf000-b64c1000 rw-p 00000000 00:00 0 
b64c3000-b64cb000 r-xp 00000000 08:08 4988011    /usr/lib/jvm/java-6-openjdk-i386/jre/lib/i386/libzip.so
b64cb000-b64cc000 r--p 00007000 08:08 4988011    /usr/lib/jvm/java-6-openjdk-i386/jre/lib/i386/libzip.so
b64cc000-b64cd000 rw-p 00008000 08:08 4988011    /usr/lib/jvm/java-6-openjdk-i386/jre/lib/i386/libzip.so
b64cd000-b64d5000 rw-s 00000000 08:08 1441889    /tmp/hsperfdata_v/830
b64d5000-b64fd000 r-xp 00000000 08:08 4987993    /usr/lib/jvm/java-6-openjdk-i386/jre/lib/i386/libjava.so
b64fd000-b64fe000 r--p 00027000 08:08 4987993    /usr/lib/jvm/java-6-openjdk-i386/jre/lib/i386/libjava.so
b64fe000-b6500000 rw-p 00028000 08:08 4987993    /usr/lib/jvm/java-6-openjdk-i386/jre/lib/i386/libjava.so
b6500000-b6573000 rw-p 00000000 00:00 0 
b6573000-b6600000 ---p 00000000 00:00 0 
b6606000-b660d000 r-xp 00000000 08:08 786555     /lib/i386-linux-gnu/libnss_compat-2.15.so
b660d000-b660e000 r--p 00006000 08:08 786555     /lib/i386-linux-gnu/libnss_compat-2.15.so
b660e000-b660f000 rw-p 00007000 08:08 786555     /lib/i386-linux-gnu/libnss_compat-2.15.so
b660f000-b6616000 r-xp 00000000 08:08 786560     /lib/i386-linux-gnu/librt-2.15.so
b6616000-b6617000 r--p 00006000 08:08 786560     /lib/i386-linux-gnu/librt-2.15.so
b6617000-b6618000 rw-p 00007000 08:08 786560     /lib/i386-linux-gnu/librt-2.15.so
b6618000-b661b000 ---p 00000000 00:00 0 
b661b000-b6669000 rw-p 00000000 00:00 0          [stack:831]
b6669000-b6685000 r-xp 00000000 08:08 787285     /lib/i386-linux-gnu/libgcc_s.so.1
b6685000-b6686000 r--p 0001b000 08:08 787285     /lib/i386-linux-gnu/libgcc_s.so.1
b6686000-b6687000 rw-p 0001c000 08:08 787285     /lib/i386-linux-gnu/libgcc_s.so.1
b6687000-b66b1000 r-xp 00000000 08:08 786564     /lib/i386-linux-gnu/libm-2.15.so
b66b1000-b66b2000 r--p 00029000 08:08 786564     /lib/i386-linux-gnu/libm-2.15.so
b66b2000-b66b3000 rw-p 0002a000 08:08 786564     /lib/i386-linux-gnu/libm-2.15.so
b66b3000-b678b000 r-xp 00000000 08:08 4068322    /usr/lib/i386-linux-gnu/libstdc++.so.6.0.16
b678b000-b678c000 ---p 000d8000 08:08 4068322    /usr/lib/i386-linux-gnu/libstdc++.so.6.0.16
b678c000-b6790000 r--p 000d8000 08:08 4068322    /usr/lib/i386-linux-gnu/libstdc++.so.6.0.16
b6790000-b6791000 rw-p 000dc000 08:08 4068322    /usr/lib/i386-linux-gnu/libstdc++.so.6.0.16
b6791000-b6798000 rw-p 00000000 00:00 0 
b6798000-b7080000 r-xp 00000000 08:08 4988001    /usr/lib/jvm/java-6-openjdk-i386/jre/lib/i386/server/libjvm.so
b7080000-b70c7000 r--p 008e7000 08:08 4988001    /usr/lib/jvm/java-6-openjdk-i386/jre/lib/i386/server/libjvm.so
b70c7000-b70db000 rw-p 0092e000 08:08 4988001    /usr/lib/jvm/java-6-openjdk-i386/jre/lib/i386/server/libjvm.so
b70db000-b74f9000 rw-p 00000000 00:00 0 
b74f9000-b750d000 r-xp 00000000 08:08 787375     /lib/i386-linux-gnu/libz.so.1.2.3.4
b750d000-b750e000 r--p 00013000 08:08 787375     /lib/i386-linux-gnu/libz.so.1.2.3.4
b750e000-b750f000 rw-p 00014000 08:08 787375     /lib/i386-linux-gnu/libz.so.1.2.3.4
b750f000-b76b2000 r-xp 00000000 08:08 786553     /lib/i386-linux-gnu/libc-2.15.so
b76b2000-b76b4000 r--p 001a3000 08:08 786553     /lib/i386-linux-gnu/libc-2.15.so
b76b4000-b76b5000 rw-p 001a5000 08:08 786553     /lib/i386-linux-gnu/libc-2.15.so
b76b5000-b76b8000 rw-p 00000000 00:00 0 
b76b8000-b76bb000 r-xp 00000000 08:08 786568     /lib/i386-linux-gnu/libdl-2.15.so
b76bb000-b76bc000 r--p 00002000 08:08 786568     /lib/i386-linux-gnu/libdl-2.15.so
b76bc000-b76bd000 rw-p 00003000 08:08 786568     /lib/i386-linux-gnu/libdl-2.15.so
b76bd000-b76c1000 r-xp 00000000 08:08 4987975    /usr/lib/jvm/java-6-openjdk-i386/jre/lib/i386/jli/libjli.so
b76c1000-b76c2000 r--p 00003000 08:08 4987975    /usr/lib/jvm/java-6-openjdk-i386/jre/lib/i386/jli/libjli.so
b76c2000-b76c3000 rw-p 00004000 08:08 4987975    /usr/lib/jvm/java-6-openjdk-i386/jre/lib/i386/jli/libjli.so
b76c3000-b76c4000 rw-p 00000000 00:00 0 
b76c4000-b76db000 r-xp 00000000 08:08 786562     /lib/i386-linux-gnu/libpthread-2.15.so
b76db000-b76dc000 r--p 00016000 08:08 786562     /lib/i386-linux-gnu/libpthread-2.15.so
b76dc000-b76dd000 rw-p 00017000 08:08 786562     /lib/i386-linux-gnu/libpthread-2.15.so
b76dd000-b76df000 rw-p 00000000 00:00 0 
b76e3000-b76e4000 rw-p 00000000 00:00 0 
b76e4000-b76e5000 r--p 00000000 00:00 0 
b76e5000-b76f1000 r-xp 00000000 08:08 4987992    /usr/lib/jvm/java-6-openjdk-i386/jre/lib/i386/libverify.so
b76f1000-b76f2000 r--p 0000b000 08:08 4987992    /usr/lib/jvm/java-6-openjdk-i386/jre/lib/i386/libverify.so
b76f2000-b76f3000 rw-p 0000c000 08:08 4987992    /usr/lib/jvm/java-6-openjdk-i386/jre/lib/i386/libverify.so
b76f3000-b76f5000 rw-p 00000000 00:00 0 
b76f5000-b76f6000 r-xp 00000000 00:00 0          [vdso]
b76f6000-b7716000 r-xp 00000000 08:08 786565     /lib/i386-linux-gnu/ld-2.15.so
b7716000-b7717000 r--p 0001f000 08:08 786565     /lib/i386-linux-gnu/ld-2.15.so
b7717000-b7718000 rw-p 00020000 08:08 786565     /lib/i386-linux-gnu/ld-2.15.so
bfbf3000-bfc14000 rw-p 00000000 00:00 0          [stack]

VM Arguments:
jvm_args: -Dfile.encoding=UTF-8 -Xbootclasspath:/home/v/adt-bundle-linux-x86-20140321/sdk/platforms/android-19/android.jar 
java_command: com.ex.bb.SocketAsync
Launcher Type: SUN_STANDARD

Environment Variables:
PATH=/usr/lib/lightdm/lightdm:/usr/local/sbin:/usr/local/bin:/usr/sbin:/usr/bin:/sbin:/bin:/usr/games
LD_LIBRARY_PATH=/usr/lib/jvm/java-6-openjdk-i386/jre/lib/i386/server:/usr/lib/jvm/java-6-openjdk-i386/jre/lib/i386:/usr/lib/jvm/java-6-openjdk-i386/jre/../lib/i386:/usr/lib/jvm/java-6-openjdk-i386/jre/lib/i386/client:/usr/lib/jvm/java-6-openjdk-i386/jre/lib/i386:
SHELL=/bin/bash
DISPLAY=:0.0

Signal Handlers:
SIGSEGV: [libjvm.so+0x7197b0], sa_mask[0]=0x7ffbfeff, sa_flags=0x10000004
SIGBUS: [libjvm.so+0x7197b0], sa_mask[0]=0x7ffbfeff, sa_flags=0x10000004
SIGFPE: [libjvm.so+0x5bf370], sa_mask[0]=0x7ffbfeff, sa_flags=0x10000004
SIGPIPE: [libjvm.so+0x5bf370], sa_mask[0]=0x7ffbfeff, sa_flags=0x10000004
SIGXFSZ: [libjvm.so+0x5bf370], sa_mask[0]=0x7ffbfeff, sa_flags=0x10000004
SIGILL: [libjvm.so+0x5bf370], sa_mask[0]=0x7ffbfeff, sa_flags=0x10000004
SIGUSR1: SIG_DFL, sa_mask[0]=0x00000000, sa_flags=0x00000000
SIGUSR2: [libjvm.so+0x5bf200], sa_mask[0]=0x00000004, sa_flags=0x10000004
SIGHUP: SIG_DFL, sa_mask[0]=0x00000000, sa_flags=0x00000000
SIGINT: SIG_DFL, sa_mask[0]=0x00000000, sa_flags=0x00000000
SIGTERM: SIG_DFL, sa_mask[0]=0x00000000, sa_flags=0x00000000
SIGQUIT: SIG_DFL, sa_mask[0]=0x00000000, sa_flags=0x00000000


---------------  S Y S T E M  ---------------

OS:Ubuntu 12.04 (precise)
uname:Linux 3.5.0-23-generic #35~precise1-Ubuntu SMP Fri Jan 25 17:15:33 UTC 2013 i686
libc:glibc 2.15 NPTL 2.15 
rlimit: STACK 8192k, CORE 0k, NPROC 14909, NOFILE 4096, AS infinity
load average:1.32 0.74 0.45

/proc/meminfo:
MemTotal:        1924236 kB
MemFree:          354520 kB
Buffers:           61680 kB
Cached:           662256 kB
SwapCached:        49508 kB
Active:           813256 kB
Inactive:         647204 kB
Active(anon):     531896 kB
Inactive(anon):   376764 kB
Active(file):     281360 kB
Inactive(file):   270440 kB
Unevictable:         112 kB
Mlocked:             112 kB
HighTotal:       1065732 kB
HighFree:          13408 kB
LowTotal:         858504 kB
LowFree:          341112 kB
SwapTotal:       1976316 kB
SwapFree:        1553144 kB
Dirty:               528 kB
Writeback:             0 kB
AnonPages:        716476 kB
Mapped:           121160 kB
Shmem:            172040 kB
Slab:              65828 kB
SReclaimable:      40268 kB
SUnreclaim:        25560 kB
KernelStack:        3696 kB
PageTables:        12136 kB
NFS_Unstable:          0 kB
Bounce:                0 kB
WritebackTmp:          0 kB
CommitLimit:     2938432 kB
Committed_AS:    3718460 kB
VmallocTotal:     122880 kB
VmallocUsed:       18724 kB
VmallocChunk:      38516 kB
HardwareCorrupted:     0 kB
AnonHugePages:         0 kB
HugePages_Total:       0
HugePages_Free:        0
HugePages_Rsvd:        0
HugePages_Surp:        0
Hugepagesize:       2048 kB
DirectMap4k:       43000 kB
DirectMap2M:      870400 kB


CPU:total 4 (2 cores per cpu, 2 threads per core) family 6 model 58 stepping 9, cmov, cx8, fxsr, mmx, sse, sse2, sse3, ssse3, sse4.1, sse4.2, popcnt, avx, ht, tsc, tscinvbit, tscinv

/proc/cpuinfo:
processor	: 0
vendor_id	: GenuineIntel
cpu family	: 6
model		: 58
model name	: Intel(R) Core(TM) i3-3120M CPU @ 2.50GHz
stepping	: 9
microcode	: 0x12
cpu MHz		: 2200.000
cache size	: 3072 KB
physical id	: 0
siblings	: 4
core id		: 0
cpu cores	: 2
apicid		: 0
initial apicid	: 0
fdiv_bug	: no
hlt_bug		: no
f00f_bug	: no
coma_bug	: no
fpu		: yes
fpu_exception	: yes
cpuid level	: 13
wp		: yes
flags		: fpu vme de pse tsc msr pae mce cx8 apic sep mtrr pge mca cmov pat pse36 clflush dts acpi mmx fxsr sse sse2 ss ht tm pbe nx rdtscp lm constant_tsc arch_perfmon pebs bts xtopology nonstop_tsc aperfmperf pni pclmulqdq dtes64 monitor ds_cpl vmx est tm2 ssse3 cx16 xtpr pdcm pcid sse4_1 sse4_2 x2apic popcnt tsc_deadline_timer xsave avx f16c lahf_lm arat epb xsaveopt pln pts dtherm tpr_shadow vnmi flexpriority ept vpid fsgsbase smep erms
bogomips	: 4988.52
clflush size	: 64
cache_alignment	: 64
address sizes	: 36 bits physical, 48 bits virtual
power management:

processor	: 1
vendor_id	: GenuineIntel
cpu family	: 6
model		: 58
model name	: Intel(R) Core(TM) i3-3120M CPU @ 2.50GHz
stepping	: 9
microcode	: 0x12
cpu MHz		: 2500.000
cache size	: 3072 KB
physical id	: 0
siblings	: 4
core id		: 0
cpu cores	: 2
apicid		: 1
initial apicid	: 1
fdiv_bug	: no
hlt_bug		: no
f00f_bug	: no
coma_bug	: no
fpu		: yes
fpu_exception	: yes
cpuid level	: 13
wp		: yes
flags		: fpu vme de pse tsc msr pae mce cx8 apic sep mtrr pge mca cmov pat pse36 clflush dts acpi mmx fxsr sse sse2 ss ht tm pbe nx rdtscp lm constant_tsc arch_perfmon pebs bts xtopology nonstop_tsc aperfmperf pni pclmulqdq dtes64 monitor ds_cpl vmx est tm2 ssse3 cx16 xtpr pdcm pcid sse4_1 sse4_2 x2apic popcnt tsc_deadline_timer xsave avx f16c lahf_lm arat epb xsaveopt pln pts dtherm tpr_shadow vnmi flexpriority ept vpid fsgsbase smep erms
bogomips	: 4988.52
clflush size	: 64
cache_alignment	: 64
address sizes	: 36 bits physical, 48 bits virtual
power management:

processor	: 2
vendor_id	: GenuineIntel
cpu family	: 6
model		: 58
model name	: Intel(R) Core(TM) i3-3120M CPU @ 2.50GHz
stepping	: 9
microcode	: 0x12
cpu MHz		: 2500.000
cache size	: 3072 KB
physical id	: 0
siblings	: 4
core id		: 1
cpu cores	: 2
apicid		: 2
initial apicid	: 2
fdiv_bug	: no
hlt_bug		: no
f00f_bug	: no
coma_bug	: no
fpu		: yes
fpu_exception	: yes
cpuid level	: 13
wp		: yes
flags		: fpu vme de pse tsc msr pae mce cx8 apic sep mtrr pge mca cmov pat pse36 clflush dts acpi mmx fxsr sse sse2 ss ht tm pbe nx rdtscp lm constant_tsc arch_perfmon pebs bts xtopology nonstop_tsc aperfmperf pni pclmulqdq dtes64 monitor ds_cpl vmx est tm2 ssse3 cx16 xtpr pdcm pcid sse4_1 sse4_2 x2apic popcnt tsc_deadline_timer xsave avx f16c lahf_lm arat epb xsaveopt pln pts dtherm tpr_shadow vnmi flexpriority ept vpid fsgsbase smep erms
bogomips	: 4988.52
clflush size	: 64
cache_alignment	: 64
address sizes	: 36 bits physical, 48 bits virtual
power management:

processor	: 3
vendor_id	: GenuineIntel
cpu family	: 6
model		: 58
model name	: Intel(R) Core(TM) i3-3120M CPU @ 2.50GHz
stepping	: 9
microcode	: 0x12
cpu MHz		: 2500.000
cache size	: 3072 KB
physical id	: 0
siblings	: 4
core id		: 1
cpu cores	: 2
apicid		: 3
initial apicid	: 3
fdiv_bug	: no
hlt_bug		: no
f00f_bug	: no
coma_bug	: no
fpu		: yes
fpu_exception	: yes
cpuid level	: 13
wp		: yes
flags		: fpu vme de pse tsc msr pae mce cx8 apic sep mtrr pge mca cmov pat pse36 clflush dts acpi mmx fxsr sse sse2 ss ht tm pbe nx rdtscp lm constant_tsc arch_perfmon pebs bts xtopology nonstop_tsc aperfmperf pni pclmulqdq dtes64 monitor ds_cpl vmx est tm2 ssse3 cx16 xtpr pdcm pcid sse4_1 sse4_2 x2apic popcnt tsc_deadline_timer xsave avx f16c lahf_lm arat epb xsaveopt pln pts dtherm tpr_shadow vnmi flexpriority ept vpid fsgsbase smep erms
bogomips	: 4988.52
clflush size	: 64
cache_alignment	: 64
address sizes	: 36 bits physical, 48 bits virtual
power management:



Memory: 4k page, physical 1924236k(354520k free), swap 1976316k(1553144k free)

vm_info: OpenJDK Server VM (23.25-b01) for linux-x86 JRE (1.6.0_30-b30), built on Mar 26 2014 14:15:02 by "buildd" with gcc 4.6.3

time: Tue May  6 16:57:32 2014
elapsed time: 0 seconds

