#
# A fatal error has been detected by the Java Runtime Environment:
#
#  Internal Error (javaClasses.cpp:129), pid=2177, tid=3060824896
#  fatal error: Invalid layout of preloaded class
#
# JRE version: 6.0_30-b30
# Java VM: OpenJDK Server VM (23.25-b01 mixed mode linux-x86 )
# Failed to write core dump. Core dumps have been disabled. To enable core dumping, try "ulimit -c unlimited" before starting Java again
#
# If you would like to submit a bug report, please include
# instructions how to reproduce the bug and visit:
#   https://bugs.launchpad.net/ubuntu/+source/openjdk-6/
#

---------------  T H R E A D  ---------------

Current thread (0xb6506800):  JavaThread "Unknown thread" [_thread_in_vm, id=2182, stack(0xb66b7000,0xb6708000)]

Stack: [0xb66b7000,0xb6708000]
[error occurred during error reporting (printing stack bounds), id 0xb]


[error occurred during error reporting (printing native stack), id 0xb]


---------------  P R O C E S S  ---------------

Java Threads: ( => current thread )

Other Threads:

=>0xb6506800 (exited) JavaThread "Unknown thread" [_thread_in_vm, id=2182, stack(0xb66b7000,0xb6708000)]

VM state:not at safepoint (not fully initialized)

VM Mutex/Monitor currently owned by a thread: None

GC Heap History (0 events):
No events

Deoptimization events (0 events):
No events

Internal exceptions (0 events):
No events

Events (10 events):
Event: 0.006 loading class 0xb6534648 done
Event: 0.006 loading class 0xb6533f88 done
Event: 0.006 loading class 0xb6533f60
Event: 0.006 loading class 0xb65710a8
Event: 0.006 loading class 0xb65710a8 done
Event: 0.006 loading class 0xb65710e0
Event: 0.006 loading class 0xb65710e0 done
Event: 0.006 loading class 0xb6571118
Event: 0.006 loading class 0xb6571118 done
Event: 0.006 loading class 0xb6533f60 done


Dynamic libraries:
08048000-08051000 r-xp 00000000 08:08 4988017    /usr/lib/jvm/java-6-openjdk-i386/jre/bin/java
08051000-08052000 r--p 00008000 08:08 4988017    /usr/lib/jvm/java-6-openjdk-i386/jre/bin/java
08052000-08053000 rw-p 00009000 08:08 4988017    /usr/lib/jvm/java-6-openjdk-i386/jre/bin/java
082c9000-082ea000 rw-p 00000000 00:00 0          [heap]
88fe9000-890c0000 r--s 013fe000 08:08 6822266    /home/v/adt-bundle-linux-x86-20140321/sdk/platforms/android-19/android.jar
890c0000-8ab00000 rw-p 00000000 00:00 0 
8ab00000-8ab21000 rw-p 00000000 00:00 0 
8ab21000-8ac00000 ---p 00000000 00:00 0 
8ac7f000-8ac80000 ---p 00000000 00:00 0 
8ac80000-8ad00000 rw-p 00000000 00:00 0          [stack:2186]
8ad00000-8ad21000 rw-p 00000000 00:00 0 
8ad21000-8ae00000 ---p 00000000 00:00 0 
8ae00000-8ae21000 rw-p 00000000 00:00 0 
8ae21000-8af00000 ---p 00000000 00:00 0 
8af7f000-8af80000 ---p 00000000 00:00 0 
8af80000-8b000000 rw-p 00000000 00:00 0          [stack:2185]
8b000000-8b021000 rw-p 00000000 00:00 0 
8b021000-8b100000 ---p 00000000 00:00 0 
8b112000-8b113000 ---p 00000000 00:00 0 
8b113000-8b193000 rw-p 00000000 00:00 0          [stack:2184]
8b193000-8b194000 ---p 00000000 00:00 0 
8b194000-8b21c000 rw-p 00000000 00:00 0          [stack:2183]
8b21c000-8b254000 rw-p 00000000 00:00 0 
8b254000-8b25e000 rw-p 00000000 00:00 0 
8b25e000-8b2ff000 rw-p 00000000 00:00 0 
8b2ff000-8b307000 rw-p 00000000 00:00 0 
8b307000-8b33f000 rw-p 00000000 00:00 0 
8b33f000-8b349000 rw-p 00000000 00:00 0 
8b349000-8b3e9000 rw-p 00000000 00:00 0 
8b3e9000-8b3ef000 rw-p 00000000 00:00 0 
8b3ef000-8b43f000 rw-p 00000000 00:00 0 
8b43f000-8c440000 rw-p 00000000 00:00 0 
8c440000-93440000 rw-p 00000000 00:00 0 
93440000-947e0000 rw-p 00000000 00:00 0 
947e0000-a89a0000 rw-p 00000000 00:00 0 
a89a0000-a9360000 rw-p 00000000 00:00 0 
a9360000-b3440000 rw-p 00000000 00:00 0 
b3440000-b3449000 rw-p 00000000 00:00 0 
b3449000-b3500000 rw-p 00000000 00:00 0 
b3500000-b3740000 rwxp 00000000 00:00 0 
b3740000-b6573000 rw-p 00000000 00:00 0 
b6573000-b6600000 ---p 00000000 00:00 0 
b6633000-b663e000 r-xp 00000000 08:08 786557     /lib/i386-linux-gnu/libnss_files-2.15.so
b663e000-b663f000 r--p 0000a000 08:08 786557     /lib/i386-linux-gnu/libnss_files-2.15.so
b663f000-b6640000 rw-p 0000b000 08:08 786557     /lib/i386-linux-gnu/libnss_files-2.15.so
b6640000-b664a000 r-xp 00000000 08:08 786561     /lib/i386-linux-gnu/libnss_nis-2.15.so
b664a000-b664b000 r--p 00009000 08:08 786561     /lib/i386-linux-gnu/libnss_nis-2.15.so
b664b000-b664c000 rw-p 0000a000 08:08 786561     /lib/i386-linux-gnu/libnss_nis-2.15.so
b664c000-b6662000 r-xp 00000000 08:08 790574     /lib/i386-linux-gnu/libnsl-2.15.so
b6662000-b6663000 r--p 00015000 08:08 790574     /lib/i386-linux-gnu/libnsl-2.15.so
b6663000-b6664000 rw-p 00016000 08:08 790574     /lib/i386-linux-gnu/libnsl-2.15.so
b6664000-b6666000 rw-p 00000000 00:00 0 
b6666000-b666d000 r-xp 00000000 08:08 786555     /lib/i386-linux-gnu/libnss_compat-2.15.so
b666d000-b666e000 r--p 00006000 08:08 786555     /lib/i386-linux-gnu/libnss_compat-2.15.so
b666e000-b666f000 rw-p 00007000 08:08 786555     /lib/i386-linux-gnu/libnss_compat-2.15.so
b6671000-b6679000 r-xp 00000000 08:08 4988011    /usr/lib/jvm/java-6-openjdk-i386/jre/lib/i386/libzip.so
b6679000-b667a000 r--p 00007000 08:08 4988011    /usr/lib/jvm/java-6-openjdk-i386/jre/lib/i386/libzip.so
b667a000-b667b000 rw-p 00008000 08:08 4988011    /usr/lib/jvm/java-6-openjdk-i386/jre/lib/i386/libzip.so
b667b000-b6683000 rw-s 00000000 08:08 1441827    /tmp/hsperfdata_v/2177
b6683000-b66ab000 r-xp 00000000 08:08 4987993    /usr/lib/jvm/java-6-openjdk-i386/jre/lib/i386/libjava.so
b66ab000-b66ac000 r--p 00027000 08:08 4987993    /usr/lib/jvm/java-6-openjdk-i386/jre/lib/i386/libjava.so
b66ac000-b66ae000 rw-p 00028000 08:08 4987993    /usr/lib/jvm/java-6-openjdk-i386/jre/lib/i386/libjava.so
b66ae000-b66b5000 r-xp 00000000 08:08 786560     /lib/i386-linux-gnu/librt-2.15.so
b66b5000-b66b6000 r--p 00006000 08:08 786560     /lib/i386-linux-gnu/librt-2.15.so
b66b6000-b66b7000 rw-p 00007000 08:08 786560     /lib/i386-linux-gnu/librt-2.15.so
b66b7000-b66ba000 ---p 00000000 00:00 0 
b66ba000-b6708000 rw-p 00000000 00:00 0          [stack:2182]
b6708000-b6724000 r-xp 00000000 08:08 787285     /lib/i386-linux-gnu/libgcc_s.so.1
b6724000-b6725000 r--p 0001b000 08:08 787285     /lib/i386-linux-gnu/libgcc_s.so.1
b6725000-b6726000 rw-p 0001c000 08:08 787285     /lib/i386-linux-gnu/libgcc_s.so.1
b6726000-b6750000 r-xp 00000000 08:08 786564     /lib/i386-linux-gnu/libm-2.15.so
b6750000-b6751000 r--p 00029000 08:08 786564     /lib/i386-linux-gnu/libm-2.15.so
b6751000-b6752000 rw-p 0002a000 08:08 786564     /lib/i386-linux-gnu/libm-2.15.so
b6752000-b682a000 r-xp 00000000 08:08 4068322    /usr/lib/i386-linux-gnu/libstdc++.so.6.0.16
b682a000-b682b000 ---p 000d8000 08:08 4068322    /usr/lib/i386-linux-gnu/libstdc++.so.6.0.16
b682b000-b682f000 r--p 000d8000 08:08 4068322    /usr/lib/i386-linux-gnu/libstdc++.so.6.0.16
b682f000-b6830000 rw-p 000dc000 08:08 4068322    /usr/lib/i386-linux-gnu/libstdc++.so.6.0.16
b6830000-b6837000 rw-p 00000000 00:00 0 
b6837000-b711f000 r-xp 00000000 08:08 4988001    /usr/lib/jvm/java-6-openjdk-i386/jre/lib/i386/server/libjvm.so
b711f000-b7166000 r--p 008e7000 08:08 4988001    /usr/lib/jvm/java-6-openjdk-i386/jre/lib/i386/server/libjvm.so
b7166000-b717a000 rw-p 0092e000 08:08 4988001    /usr/lib/jvm/java-6-openjdk-i386/jre/lib/i386/server/libjvm.so
b717a000-b7598000 rw-p 00000000 00:00 0 
b7598000-b75ac000 r-xp 00000000 08:08 787375     /lib/i386-linux-gnu/libz.so.1.2.3.4
b75ac000-b75ad000 r--p 00013000 08:08 787375     /lib/i386-linux-gnu/libz.so.1.2.3.4
b75ad000-b75ae000 rw-p 00014000 08:08 787375     /lib/i386-linux-gnu/libz.so.1.2.3.4
b75ae000-b7751000 r-xp 00000000 08:08 786553     /lib/i386-linux-gnu/libc-2.15.so
b7751000-b7753000 r--p 001a3000 08:08 786553     /lib/i386-linux-gnu/libc-2.15.so
b7753000-b7754000 rw-p 001a5000 08:08 786553     /lib/i386-linux-gnu/libc-2.15.so
b7754000-b7757000 rw-p 00000000 00:00 0 
b7757000-b775a000 r-xp 00000000 08:08 786568     /lib/i386-linux-gnu/libdl-2.15.so
b775a000-b775b000 r--p 00002000 08:08 786568     /lib/i386-linux-gnu/libdl-2.15.so
b775b000-b775c000 rw-p 00003000 08:08 786568     /lib/i386-linux-gnu/libdl-2.15.so
b775c000-b7760000 r-xp 00000000 08:08 4987975    /usr/lib/jvm/java-6-openjdk-i386/jre/lib/i386/jli/libjli.so
b7760000-b7761000 r--p 00003000 08:08 4987975    /usr/lib/jvm/java-6-openjdk-i386/jre/lib/i386/jli/libjli.so
b7761000-b7762000 rw-p 00004000 08:08 4987975    /usr/lib/jvm/java-6-openjdk-i386/jre/lib/i386/jli/libjli.so
b7762000-b7763000 rw-p 00000000 00:00 0 
b7763000-b777a000 r-xp 00000000 08:08 786562     /lib/i386-linux-gnu/libpthread-2.15.so
b777a000-b777b000 r--p 00016000 08:08 786562     /lib/i386-linux-gnu/libpthread-2.15.so
b777b000-b777c000 rw-p 00017000 08:08 786562     /lib/i386-linux-gnu/libpthread-2.15.so
b777c000-b777e000 rw-p 00000000 00:00 0 
b7782000-b7783000 rw-p 00000000 00:00 0 
b7783000-b7784000 r--p 00000000 00:00 0 
b7784000-b7790000 r-xp 00000000 08:08 4987992    /usr/lib/jvm/java-6-openjdk-i386/jre/lib/i386/libverify.so
b7790000-b7791000 r--p 0000b000 08:08 4987992    /usr/lib/jvm/java-6-openjdk-i386/jre/lib/i386/libverify.so
b7791000-b7792000 rw-p 0000c000 08:08 4987992    /usr/lib/jvm/java-6-openjdk-i386/jre/lib/i386/libverify.so
b7792000-b7794000 rw-p 00000000 00:00 0 
b7794000-b7795000 r-xp 00000000 00:00 0          [vdso]
b7795000-b77b5000 r-xp 00000000 08:08 786565     /lib/i386-linux-gnu/ld-2.15.so
b77b5000-b77b6000 r--p 0001f000 08:08 786565     /lib/i386-linux-gnu/ld-2.15.so
b77b6000-b77b7000 rw-p 00020000 08:08 786565     /lib/i386-linux-gnu/ld-2.15.so
bfd3c000-bfd5d000 rw-p 00000000 00:00 0          [stack]

VM Arguments:
jvm_args: -Dfile.encoding=UTF-8 -Xbootclasspath:/home/v/adt-bundle-linux-x86-20140321/sdk/platforms/android-19/android.jar 
java_command: com.ex.bb.SocketAsync
Launcher Type: SUN_STANDARD

Environment Variables:
PATH=/usr/lib/lightdm/lightdm:/usr/local/sbin:/usr/local/bin:/usr/sbin:/usr/bin:/sbin:/bin:/usr/games
LD_LIBRARY_PATH=/usr/lib/jvm/java-6-openjdk-i386/jre/lib/i386/server:/usr/lib/jvm/java-6-openjdk-i386/jre/lib/i386:/usr/lib/jvm/java-6-openjdk-i386/jre/../lib/i386:/usr/lib/jvm/java-6-openjdk-i386/jre/lib/i386/client:/usr/lib/jvm/java-6-openjdk-i386/jre/lib/i386:
SHELL=/bin/bash
DISPLAY=:0.0

Signal Handlers:
SIGSEGV: [libjvm.so+0x7197b0], sa_mask[0]=0x7ffbfeff, sa_flags=0x10000004
SIGBUS: [libjvm.so+0x7197b0], sa_mask[0]=0x7ffbfeff, sa_flags=0x10000004
SIGFPE: [libjvm.so+0x5bf370], sa_mask[0]=0x7ffbfeff, sa_flags=0x10000004
SIGPIPE: [libjvm.so+0x5bf370], sa_mask[0]=0x7ffbfeff, sa_flags=0x10000004
SIGXFSZ: [libjvm.so+0x5bf370], sa_mask[0]=0x7ffbfeff, sa_flags=0x10000004
SIGILL: [libjvm.so+0x5bf370], sa_mask[0]=0x7ffbfeff, sa_flags=0x10000004
SIGUSR1: SIG_DFL, sa_mask[0]=0x00000000, sa_flags=0x00000000
SIGUSR2: [libjvm.so+0x5bf200], sa_mask[0]=0x00000004, sa_flags=0x10000004
SIGHUP: SIG_DFL, sa_mask[0]=0x00000000, sa_flags=0x00000000
SIGINT: SIG_DFL, sa_mask[0]=0x00000000, sa_flags=0x00000000
SIGTERM: SIG_DFL, sa_mask[0]=0x00000000, sa_flags=0x00000000
SIGQUIT: SIG_DFL, sa_mask[0]=0x00000000, sa_flags=0x00000000


---------------  S Y S T E M  ---------------

OS:Ubuntu 12.04 (precise)
uname:Linux 3.5.0-23-generic #35~precise1-Ubuntu SMP Fri Jan 25 17:15:33 UTC 2013 i686
libc:glibc 2.15 NPTL 2.15 
rlimit: STACK 8192k, CORE 0k, NPROC 14909, NOFILE 4096, AS infinity
load average:0.19 0.29 0.14

/proc/meminfo:
MemTotal:        1924236 kB
MemFree:          695944 kB
Buffers:           68864 kB
Cached:           596456 kB
SwapCached:            0 kB
Active:           642552 kB
Inactive:         511864 kB
Active(anon):     490632 kB
Inactive(anon):   151288 kB
Active(file):     151920 kB
Inactive(file):   360576 kB
Unevictable:           0 kB
Mlocked:               0 kB
HighTotal:       1065732 kB
HighFree:          13840 kB
LowTotal:         858504 kB
LowFree:          682104 kB
SwapTotal:       1976316 kB
SwapFree:        1976316 kB
Dirty:                24 kB
Writeback:             0 kB
AnonPages:        489180 kB
Mapped:           120948 kB
Shmem:            152820 kB
Slab:              39052 kB
SReclaimable:      21572 kB
SUnreclaim:        17480 kB
KernelStack:        3112 kB
PageTables:         6812 kB
NFS_Unstable:          0 kB
Bounce:                0 kB
WritebackTmp:          0 kB
CommitLimit:     2938432 kB
Committed_AS:    2464288 kB
VmallocTotal:     122880 kB
VmallocUsed:       18208 kB
VmallocChunk:     103892 kB
HardwareCorrupted:     0 kB
AnonHugePages:         0 kB
HugePages_Total:       0
HugePages_Free:        0
HugePages_Rsvd:        0
HugePages_Surp:        0
Hugepagesize:       2048 kB
DirectMap4k:       10232 kB
DirectMap2M:      903168 kB


CPU:total 4 (2 cores per cpu, 2 threads per core) family 6 model 58 stepping 9, cmov, cx8, fxsr, mmx, sse, sse2, sse3, ssse3, sse4.1, sse4.2, popcnt, avx, ht, tsc, tscinvbit, tscinv

/proc/cpuinfo:
processor	: 0
vendor_id	: GenuineIntel
cpu family	: 6
model		: 58
model name	: Intel(R) Core(TM) i3-3120M CPU @ 2.50GHz
stepping	: 9
microcode	: 0x12
cpu MHz		: 1200.000
cache size	: 3072 KB
physical id	: 0
siblings	: 4
core id		: 0
cpu cores	: 2
apicid		: 0
initial apicid	: 0
fdiv_bug	: no
hlt_bug		: no
f00f_bug	: no
coma_bug	: no
fpu		: yes
fpu_exception	: yes
cpuid level	: 13
wp		: yes
flags		: fpu vme de pse tsc msr pae mce cx8 apic sep mtrr pge mca cmov pat pse36 clflush dts acpi mmx fxsr sse sse2 ss ht tm pbe nx rdtscp lm constant_tsc arch_perfmon pebs bts xtopology nonstop_tsc aperfmperf pni pclmulqdq dtes64 monitor ds_cpl vmx est tm2 ssse3 cx16 xtpr pdcm pcid sse4_1 sse4_2 x2apic popcnt tsc_deadline_timer xsave avx f16c lahf_lm arat epb xsaveopt pln pts dtherm tpr_shadow vnmi flexpriority ept vpid fsgsbase smep erms
bogomips	: 4988.47
clflush size	: 64
cache_alignment	: 64
address sizes	: 36 bits physical, 48 bits virtual
power management:

processor	: 1
vendor_id	: GenuineIntel
cpu family	: 6
model		: 58
model name	: Intel(R) Core(TM) i3-3120M CPU @ 2.50GHz
stepping	: 9
microcode	: 0x12
cpu MHz		: 2400.000
cache size	: 3072 KB
physical id	: 0
siblings	: 4
core id		: 0
cpu cores	: 2
apicid		: 1
initial apicid	: 1
fdiv_bug	: no
hlt_bug		: no
f00f_bug	: no
coma_bug	: no
fpu		: yes
fpu_exception	: yes
cpuid level	: 13
wp		: yes
flags		: fpu vme de pse tsc msr pae mce cx8 apic sep mtrr pge mca cmov pat pse36 clflush dts acpi mmx fxsr sse sse2 ss ht tm pbe nx rdtscp lm constant_tsc arch_perfmon pebs bts xtopology nonstop_tsc aperfmperf pni pclmulqdq dtes64 monitor ds_cpl vmx est tm2 ssse3 cx16 xtpr pdcm pcid sse4_1 sse4_2 x2apic popcnt tsc_deadline_timer xsave avx f16c lahf_lm arat epb xsaveopt pln pts dtherm tpr_shadow vnmi flexpriority ept vpid fsgsbase smep erms
bogomips	: 4988.47
clflush size	: 64
cache_alignment	: 64
address sizes	: 36 bits physical, 48 bits virtual
power management:

processor	: 2
vendor_id	: GenuineIntel
cpu family	: 6
model		: 58
model name	: Intel(R) Core(TM) i3-3120M CPU @ 2.50GHz
stepping	: 9
microcode	: 0x12
cpu MHz		: 2500.000
cache size	: 3072 KB
physical id	: 0
siblings	: 4
core id		: 1
cpu cores	: 2
apicid		: 2
initial apicid	: 2
fdiv_bug	: no
hlt_bug		: no
f00f_bug	: no
coma_bug	: no
fpu		: yes
fpu_exception	: yes
cpuid level	: 13
wp		: yes
flags		: fpu vme de pse tsc msr pae mce cx8 apic sep mtrr pge mca cmov pat pse36 clflush dts acpi mmx fxsr sse sse2 ss ht tm pbe nx rdtscp lm constant_tsc arch_perfmon pebs bts xtopology nonstop_tsc aperfmperf pni pclmulqdq dtes64 monitor ds_cpl vmx est tm2 ssse3 cx16 xtpr pdcm pcid sse4_1 sse4_2 x2apic popcnt tsc_deadline_timer xsave avx f16c lahf_lm arat epb xsaveopt pln pts dtherm tpr_shadow vnmi flexpriority ept vpid fsgsbase smep erms
bogomips	: 4988.47
clflush size	: 64
cache_alignment	: 64
address sizes	: 36 bits physical, 48 bits virtual
power management:

processor	: 3
vendor_id	: GenuineIntel
cpu family	: 6
model		: 58
model name	: Intel(R) Core(TM) i3-3120M CPU @ 2.50GHz
stepping	: 9
microcode	: 0x12
cpu MHz		: 2500.000
cache size	: 3072 KB
physical id	: 0
siblings	: 4
core id		: 1
cpu cores	: 2
apicid		: 3
initial apicid	: 3
fdiv_bug	: no
hlt_bug		: no
f00f_bug	: no
coma_bug	: no
fpu		: yes
fpu_exception	: yes
cpuid level	: 13
wp		: yes
flags		: fpu vme de pse tsc msr pae mce cx8 apic sep mtrr pge mca cmov pat pse36 clflush dts acpi mmx fxsr sse sse2 ss ht tm pbe nx rdtscp lm constant_tsc arch_perfmon pebs bts xtopology nonstop_tsc aperfmperf pni pclmulqdq dtes64 monitor ds_cpl vmx est tm2 ssse3 cx16 xtpr pdcm pcid sse4_1 sse4_2 x2apic popcnt tsc_deadline_timer xsave avx f16c lahf_lm arat epb xsaveopt pln pts dtherm tpr_shadow vnmi flexpriority ept vpid fsgsbase smep erms
bogomips	: 4988.47
clflush size	: 64
cache_alignment	: 64
address sizes	: 36 bits physical, 48 bits virtual
power management:



Memory: 4k page, physical 1924236k(695944k free), swap 1976316k(1976316k free)

vm_info: OpenJDK Server VM (23.25-b01) for linux-x86 JRE (1.6.0_30-b30), built on Mar 26 2014 14:15:02 by "buildd" with gcc 4.6.3

time: Tue May  6 11:46:43 2014
elapsed time: 0 seconds

